#
# There is insufficient memory for the Java Runtime Environment to continue.
# Native memory allocation (malloc) failed to allocate 1048576 bytes. Error detail: AllocateHeap
# Possible reasons:
#   The system is out of physical RAM or swap space
#   This process is running with CompressedOops enabled, and the Java Heap may be blocking the growth of the native heap
# Possible solutions:
#   Reduce memory load on the system
#   Increase physical memory or swap space
#   Check if swap backing store is full
#   Decrease Java heap size (-Xmx/-Xms)
#   Decrease number of Java threads
#   Decrease Java thread stack sizes (-Xss)
#   Set larger code cache with -XX:ReservedCodeCacheSize=
#   JVM is running with Unscaled Compressed Oops mode in which the Java heap is
#     placed in the first 4GB address space. The Java Heap base address is the
#     maximum limit for the native heap growth. Please use -XX:HeapBaseMinAddress
#     to set the Java Heap base and to place the Java Heap above 4GB virtual address.
# This output file may be truncated or incomplete.
#
#  Out of Memory Error (allocation.cpp:44), pid=10548, tid=26084
#
# JRE version:  (21.0.8+9) (build )
# Java VM: OpenJDK 64-Bit Server VM (21.0.8+9-LTS, mixed mode, sharing, tiered, compressed oops, compressed class ptrs, parallel gc, windows-amd64)
# No core dump will be written. Minidumps are not enabled by default on client versions of Windows
#

---------------  S U M M A R Y ------------

Command Line: --add-modules=ALL-SYSTEM --add-opens=java.base/java.util=ALL-UNNAMED --add-opens=java.base/java.lang=ALL-UNNAMED --add-opens=java.base/sun.nio.fs=ALL-UNNAMED -Declipse.application=org.eclipse.jdt.ls.core.id1 -Dosgi.bundles.defaultStartLevel=4 -Declipse.product=org.eclipse.jdt.ls.core.product -Djava.import.generatesMetadataFilesAtProjectRoot=false -DDetectVMInstallationsJob.disabled=true -Dfile.encoding=utf8 -XX:+UseParallelGC -XX:GCTimeRatio=4 -XX:AdaptiveSizePolicyWeight=90 -Dsun.zip.disableMemoryMapping=true -Xmx2G -Xms100m -Xlog:disable -javaagent:c:\Users\soonfui\.cursor\extensions\redhat.java-1.46.0-win32-x64\lombok\lombok-1.18.39-4050.jar -XX:+HeapDumpOnOutOfMemoryError -XX:HeapDumpPath=c:\Users\soonfui\AppData\Roaming\Cursor\User\workspaceStorage\a50c5bd9b90d8ec0a0da2123fcbb3801\redhat.java -Daether.dependencyCollector.impl=bf c:\Users\soonfui\.cursor\extensions\redhat.java-1.46.0-win32-x64\server\plugins\org.eclipse.equinox.launcher_1.7.0.v20250519-0528.jar -configuration c:\Users\soonfui\AppData\Roaming\Cursor\User\globalStorage\redhat.java\1.46.0\config_win -data c:\Users\soonfui\AppData\Roaming\Cursor\User\workspaceStorage\a50c5bd9b90d8ec0a0da2123fcbb3801\redhat.java\jdt_ws --pipe=\\.\pipe\lsp-77c502cb412c759d03ddb5b9f2eceb9e-sock

Host: AMD Ryzen 5 4600H with Radeon Graphics         , 12 cores, 15G,  Windows 11 , 64 bit Build 26100 (10.0.26100.6725)
Time: Fri Oct 31 20:47:44 2025 elapsed time: 0.471425 seconds (0d 0h 0m 0s)

---------------  T H R E A D  ---------------

Current thread (0x00000264707ae7b0):  JavaThread "Unknown thread" [_thread_in_vm, id=26084, stack(0x000000ee50200000,0x000000ee50300000) (1024K)]

Stack: [0x000000ee50200000,0x000000ee50300000]
Native frames: (J=compiled Java code, j=interpreted, Vv=VM code, C=native code)
V  [jvm.dll+0x6d2449]
V  [jvm.dll+0x8ae341]
V  [jvm.dll+0x8b08be]
V  [jvm.dll+0x8b0fa3]
V  [jvm.dll+0x280c96]
V  [jvm.dll+0xc0347]
V  [jvm.dll+0x706540]
V  [jvm.dll+0x7070ac]
V  [jvm.dll+0x6e0f43]
V  [jvm.dll+0x877c7c]
V  [jvm.dll+0x3becec]
V  [jvm.dll+0x8606d8]
V  [jvm.dll+0x4530ee]
V  [jvm.dll+0x454d31]
C  [jli.dll+0x5278]
C  [ucrtbase.dll+0x37b0]
C  [KERNEL32.DLL+0x2e8d7]
C  [ntdll.dll+0x8c53c]


---------------  P R O C E S S  ---------------

Threads class SMR info:
_java_thread_list=0x000002647081b000, length=1, elements={
0x00000264707ae7b0
}

Java Threads: ( => current thread )
=>0x00000264707ae7b0 JavaThread "Unknown thread"             [_thread_in_vm, id=26084, stack(0x000000ee50200000,0x000000ee50300000) (1024K)]
Total: 1

Other Threads:
  0x000002647063ca00 WatcherThread "VM Periodic Task Thread"        [id=23028, stack(0x000000ee50400000,0x000000ee50500000) (1024K)]
  0x00000264707ccc20 WorkerThread "GC Thread#0"                     [id=6668, stack(0x000000ee50300000,0x000000ee50400000) (1024K)]
Total: 2

Threads with active compile tasks:
Total: 0

VM state: not at safepoint (normal execution)

VM Mutex/Monitor currently owned by a thread: None

Heap address: 0x0000000080000000, size: 2048 MB, Compressed Oops mode: 32-bit

CDS archive(s) mapped at: [0x000002640f000000-0x000002640fba0000-0x000002640fba0000), size 12189696, SharedBaseAddress: 0x000002640f000000, ArchiveRelocationMode: 1.
Compressed class space mapped at: 0x0000026410000000-0x0000026450000000, reserved size: 1073741824
Narrow klass base: 0x000002640f000000, Narrow klass shift: 0, Narrow klass range: 0x100000000

GC Precious Log:
 CardTable entry size: 512
 CPUs: 12 total, 12 available
 Memory: 15741M
 Large Page Support: Disabled
 NUMA Support: Disabled
 Compressed Oops: Enabled (32-bit)
 Alignments: Space 512K, Generation 512K, Heap 2M
 Heap Min Capacity: 100M
 Heap Initial Capacity: 100M
 Heap Max Capacity: 2G
 Pre-touch: Disabled
 Parallel Workers: 10

Heap:
 PSYoungGen      total 29696K, used 512K [0x00000000d5580000, 0x00000000d7680000, 0x0000000100000000)
  eden space 25600K, 2% used [0x00000000d5580000,0x00000000d5600020,0x00000000d6e80000)
  from space 4096K, 0% used [0x00000000d7280000,0x00000000d7280000,0x00000000d7680000)
  to   space 4096K, 0% used [0x00000000d6e80000,0x00000000d6e80000,0x00000000d7280000)
 ParOldGen       total 68608K, used 0K [0x0000000080000000, 0x0000000084300000, 0x00000000d5580000)
  object space 68608K, 0% used [0x0000000080000000,0x0000000080000000,0x0000000084300000)
 Metaspace       used 0K, committed 0K, reserved 1048576K
  class space    used 0K, committed 0K, reserved 1048576K

Card table byte_map: [0x0000026470150000,0x0000026470560000] _byte_map_base: 0x000002646fd50000

Marking Bits: (ParMarkBitMap*) 0x00007ffc972ea340
 Begin Bits: [0x0000026473c50000, 0x0000026475c50000)
 End Bits:   [0x0000026475c50000, 0x0000026477c50000)

Polling page: 0x000002646e720000

Metaspace:

Usage:
  Non-class:      0 bytes used.
      Class:      0 bytes used.
       Both:      0 bytes used.

Virtual space:
  Non-class space:        0 bytes reserved,       0 bytes (  ?%) committed,  0 nodes.
      Class space:        1.00 GB reserved,       0 bytes (  0%) committed,  1 nodes.
             Both:        1.00 GB reserved,       0 bytes (  0%) committed. 

Chunk freelists:
   Non-Class:  0 bytes
       Class:  16.00 MB
        Both:  16.00 MB

MaxMetaspaceSize: unlimited
CompressedClassSpaceSize: 1.00 GB
Initial GC threshold: 21.00 MB
Current GC threshold: 17179869184.00 GB
CDS: on
 - commit_granule_bytes: 65536.
 - commit_granule_words: 8192.
 - virtual_space_node_default_size: 8388608.
 - enlarge_chunks_in_place: 1.
 - use_allocation_guard: 0.


Internal statistics:

num_allocs_failed_limit: 0.
num_arena_births: 0.
num_arena_deaths: 0.
num_vsnodes_births: 1.
num_vsnodes_deaths: 0.
num_space_committed: 0.
num_space_uncommitted: 0.
num_chunks_returned_to_freelist: 0.
num_chunks_taken_from_freelist: 1.
num_chunk_merges: 0.
num_chunk_splits: 1.
num_chunks_enlarged: 0.
num_inconsistent_stats: 0.

CodeHeap 'non-profiled nmethods': size=120000Kb used=0Kb max_used=0Kb free=120000Kb
 bounds [0x0000026407ad0000, 0x0000026407d40000, 0x000002640f000000]
CodeHeap 'profiled nmethods': size=120000Kb used=0Kb max_used=0Kb free=120000Kb
 bounds [0x0000026400000000, 0x0000026400270000, 0x0000026407530000]
CodeHeap 'non-nmethods': size=5760Kb used=194Kb max_used=342Kb free=5565Kb
 bounds [0x0000026407530000, 0x00000264077a0000, 0x0000026407ad0000]
CodeCache: size=245760Kb, used=194Kb, max_used=342Kb, free=245565Kb
 total_blobs=70, nmethods=0, adapters=48, full_count=0
Compilation: enabled, stopped_count=0, restarted_count=0

Compilation events (0 events):
No events

GC Heap History (0 events):
No events

Dll operation events (1 events):
Event: 0.012 Loaded shared library c:\Users\soonfui\.cursor\extensions\redhat.java-1.46.0-win32-x64\jre\21.0.8-win32-x86_64\bin\java.dll

Deoptimization events (0 events):
No events

Classes loaded (0 events):
No events

Classes unloaded (0 events):
No events

Classes redefined (0 events):
No events

Internal exceptions (0 events):
No events

ZGC Phase Switch (0 events):
No events

VM Operations (0 events):
No events

Memory protections (0 events):
No events

Nmethod flushes (0 events):
No events

Events (1 events):
Event: 0.027 Thread 0x00000264707ae7b0 Thread added: 0x00000264707ae7b0


Dynamic libraries:
0x00007ff7e72d0000 - 0x00007ff7e72de000 	c:\Users\soonfui\.cursor\extensions\redhat.java-1.46.0-win32-x64\jre\21.0.8-win32-x86_64\bin\java.exe
0x00007ffd4f160000 - 0x00007ffd4f3c8000 	C:\WINDOWS\SYSTEM32\ntdll.dll
0x00007ffd4ddc0000 - 0x00007ffd4de89000 	C:\WINDOWS\System32\KERNEL32.DLL
0x00007ffd4c7b0000 - 0x00007ffd4cba2000 	C:\WINDOWS\System32\KERNELBASE.dll
0x00007ffd4c5a0000 - 0x00007ffd4c6eb000 	C:\WINDOWS\System32\ucrtbase.dll
0x00007ffd2d900000 - 0x00007ffd2d918000 	c:\Users\soonfui\.cursor\extensions\redhat.java-1.46.0-win32-x64\jre\21.0.8-win32-x86_64\bin\jli.dll
0x00007ffd2db30000 - 0x00007ffd2db4e000 	c:\Users\soonfui\.cursor\extensions\redhat.java-1.46.0-win32-x64\jre\21.0.8-win32-x86_64\bin\VCRUNTIME140.dll
0x00007ffd4ed50000 - 0x00007ffd4ef15000 	C:\WINDOWS\System32\USER32.dll
0x00007ffd288b0000 - 0x00007ffd28b43000 	C:\WINDOWS\WinSxS\amd64_microsoft.windows.common-controls_6595b64144ccf1df_6.0.26100.6899_none_3e0efeeae32e88c1\COMCTL32.dll
0x00007ffd4cbb0000 - 0x00007ffd4cbd7000 	C:\WINDOWS\System32\win32u.dll
0x00007ffd4ec70000 - 0x00007ffd4ec9b000 	C:\WINDOWS\System32\GDI32.dll
0x00007ffd4ebc0000 - 0x00007ffd4ec69000 	C:\WINDOWS\System32\msvcrt.dll
0x00007ffd4c2f0000 - 0x00007ffd4c41d000 	C:\WINDOWS\System32\gdi32full.dll
0x00007ffd4cd10000 - 0x00007ffd4cdb3000 	C:\WINDOWS\System32\msvcp_win.dll
0x00007ffd4e190000 - 0x00007ffd4e1bf000 	C:\WINDOWS\System32\IMM32.DLL
0x00007ffd2e830000 - 0x00007ffd2e83c000 	c:\Users\soonfui\.cursor\extensions\redhat.java-1.46.0-win32-x64\jre\21.0.8-win32-x86_64\bin\vcruntime140_1.dll
0x00007ffd17600000 - 0x00007ffd1768d000 	c:\Users\soonfui\.cursor\extensions\redhat.java-1.46.0-win32-x64\jre\21.0.8-win32-x86_64\bin\msvcp140.dll
0x00007ffc96630000 - 0x00007ffc973c7000 	c:\Users\soonfui\.cursor\extensions\redhat.java-1.46.0-win32-x64\jre\21.0.8-win32-x86_64\bin\server\jvm.dll
0x00007ffd4ef30000 - 0x00007ffd4efe4000 	C:\WINDOWS\System32\ADVAPI32.dll
0x00007ffd4eca0000 - 0x00007ffd4ed46000 	C:\WINDOWS\System32\sechost.dll
0x00007ffd4cf30000 - 0x00007ffd4d048000 	C:\WINDOWS\System32\RPCRT4.dll
0x00007ffd4dcd0000 - 0x00007ffd4dd44000 	C:\WINDOWS\System32\WS2_32.dll
0x00007ffd4c150000 - 0x00007ffd4c1ae000 	C:\WINDOWS\SYSTEM32\POWRPROF.dll
0x00007ffd438b0000 - 0x00007ffd438bb000 	C:\WINDOWS\SYSTEM32\VERSION.dll
0x00007ffd43870000 - 0x00007ffd438a5000 	C:\WINDOWS\SYSTEM32\WINMM.dll
0x00007ffd4c130000 - 0x00007ffd4c144000 	C:\WINDOWS\SYSTEM32\UMPDC.dll
0x00007ffd4b0c0000 - 0x00007ffd4b0db000 	C:\WINDOWS\SYSTEM32\kernel.appcore.dll
0x00007ffd2dc70000 - 0x00007ffd2dc7a000 	c:\Users\soonfui\.cursor\extensions\redhat.java-1.46.0-win32-x64\jre\21.0.8-win32-x86_64\bin\jimage.dll
0x00007ffd491e0000 - 0x00007ffd49422000 	C:\WINDOWS\SYSTEM32\DBGHELP.DLL
0x00007ffd4e840000 - 0x00007ffd4ebbb000 	C:\WINDOWS\System32\combase.dll
0x00007ffd4e760000 - 0x00007ffd4e837000 	C:\WINDOWS\System32\OLEAUT32.dll
0x00007ffd23e70000 - 0x00007ffd23eac000 	C:\WINDOWS\SYSTEM32\dbgcore.DLL
0x00007ffd4cc70000 - 0x00007ffd4cd08000 	C:\WINDOWS\System32\bcryptPrimitives.dll
0x00007ffd2d750000 - 0x00007ffd2d75f000 	c:\Users\soonfui\.cursor\extensions\redhat.java-1.46.0-win32-x64\jre\21.0.8-win32-x86_64\bin\instrument.dll
0x00007ffd2be40000 - 0x00007ffd2be5f000 	c:\Users\soonfui\.cursor\extensions\redhat.java-1.46.0-win32-x64\jre\21.0.8-win32-x86_64\bin\java.dll

JVMTI agents:
c:\Users\soonfui\.cursor\extensions\redhat.java-1.46.0-win32-x64\lombok\lombok-1.18.39-4050.jar path:none, loaded, not initialized, instrumentlib options:none

dbghelp: loaded successfully - version: 4.0.5 - missing functions: none
symbol engine: initialized successfully - sym options: 0x614 - pdb path: .;c:\Users\soonfui\.cursor\extensions\redhat.java-1.46.0-win32-x64\jre\21.0.8-win32-x86_64\bin;C:\WINDOWS\SYSTEM32;C:\WINDOWS\WinSxS\amd64_microsoft.windows.common-controls_6595b64144ccf1df_6.0.26100.6899_none_3e0efeeae32e88c1;c:\Users\soonfui\.cursor\extensions\redhat.java-1.46.0-win32-x64\jre\21.0.8-win32-x86_64\bin\server

VM Arguments:
jvm_args: --add-modules=ALL-SYSTEM --add-opens=java.base/java.util=ALL-UNNAMED --add-opens=java.base/java.lang=ALL-UNNAMED --add-opens=java.base/sun.nio.fs=ALL-UNNAMED -Declipse.application=org.eclipse.jdt.ls.core.id1 -Dosgi.bundles.defaultStartLevel=4 -Declipse.product=org.eclipse.jdt.ls.core.product -Djava.import.generatesMetadataFilesAtProjectRoot=false -DDetectVMInstallationsJob.disabled=true -Dfile.encoding=utf8 -XX:+UseParallelGC -XX:GCTimeRatio=4 -XX:AdaptiveSizePolicyWeight=90 -Dsun.zip.disableMemoryMapping=true -Xmx2G -Xms100m -Xlog:disable -javaagent:c:\Users\soonfui\.cursor\extensions\redhat.java-1.46.0-win32-x64\lombok\lombok-1.18.39-4050.jar -XX:+HeapDumpOnOutOfMemoryError -XX:HeapDumpPath=c:\Users\soonfui\AppData\Roaming\Cursor\User\workspaceStorage\a50c5bd9b90d8ec0a0da2123fcbb3801\redhat.java -Daether.dependencyCollector.impl=bf 
java_command: c:\Users\soonfui\.cursor\extensions\redhat.java-1.46.0-win32-x64\server\plugins\org.eclipse.equinox.launcher_1.7.0.v20250519-0528.jar -configuration c:\Users\soonfui\AppData\Roaming\Cursor\User\globalStorage\redhat.java\1.46.0\config_win -data c:\Users\soonfui\AppData\Roaming\Cursor\User\workspaceStorage\a50c5bd9b90d8ec0a0da2123fcbb3801\redhat.java\jdt_ws --pipe=\\.\pipe\lsp-77c502cb412c759d03ddb5b9f2eceb9e-sock
java_class_path (initial): c:\Users\soonfui\.cursor\extensions\redhat.java-1.46.0-win32-x64\server\plugins\org.eclipse.equinox.launcher_1.7.0.v20250519-0528.jar
Launcher Type: SUN_STANDARD

[Global flags]
    uintx AdaptiveSizePolicyWeight                 = 90                                        {product} {command line}
     intx CICompilerCount                          = 4                                         {product} {ergonomic}
    uintx GCTimeRatio                              = 4                                         {product} {command line}
     bool HeapDumpOnOutOfMemoryError               = true                                   {manageable} {command line}
    ccstr HeapDumpPath                             = c:\Users\soonfui\AppData\Roaming\Cursor\User\workspaceStorage\a50c5bd9b90d8ec0a0da2123fcbb3801\redhat.java         {manageable} {command line}
   size_t InitialHeapSize                          = 104857600                                 {product} {command line}
   size_t MaxHeapSize                              = 2147483648                                {product} {command line}
   size_t MaxNewSize                               = 715653120                                 {product} {ergonomic}
   size_t MinHeapDeltaBytes                        = 524288                                    {product} {ergonomic}
   size_t MinHeapSize                              = 104857600                                 {product} {command line}
   size_t NewSize                                  = 34603008                                  {product} {ergonomic}
    uintx NonNMethodCodeHeapSize                   = 5839372                                {pd product} {ergonomic}
    uintx NonProfiledCodeHeapSize                  = 122909434                              {pd product} {ergonomic}
   size_t OldSize                                  = 70254592                                  {product} {ergonomic}
    uintx ProfiledCodeHeapSize                     = 122909434                              {pd product} {ergonomic}
    uintx ReservedCodeCacheSize                    = 251658240                              {pd product} {ergonomic}
     bool SegmentedCodeCache                       = true                                      {product} {ergonomic}
   size_t SoftMaxHeapSize                          = 2147483648                             {manageable} {ergonomic}
     bool UseCompressedOops                        = true                           {product lp64_product} {ergonomic}
     bool UseLargePagesIndividualAllocation        = false                                  {pd product} {ergonomic}
     bool UseParallelGC                            = true                                      {product} {command line}

Logging:
Log output configuration:
 #0: stdout all=off uptime,level,tags foldmultilines=false
 #1: stderr all=off uptime,level,tags foldmultilines=false

Environment Variables:
JAVA_HOME=D:\develop
PATH=D:\develop\bin;C:\Program Files\Java\graalvm-jdk-17.0.13_windows-x64_bin\graalvm-jdk-17.0.13+10.1\bin;D:\database\app\oracle\product\11.2.0\server\bin;C:\Windows\system32;C:\Windows;C:\Windows\System32\Wbem;D:\develop\bin;C:\Windows\System32\WindowsPowerShell\v1.0\;C:\Windows\System32\OpenSSH\;C:\Program Files (x86)\NVIDIA Corporation\PhysX\Common;C:\WINDOWS\system32;C:\WINDOWS;C:\WINDOWS\System32\Wbem;C:\WINDOWS\System32\WindowsPowerShell\v1.0\;C:\WINDOWS\System32\OpenSSH\;C:\Program Files\Microsoft SQL Server\150\Tools\Binn\;C:\Program Files\Microsoft SQL Server\Client SDK\ODBC\170\Tools\Binn\;C:\Program Files\MySQL\MySQL Server 8.0\bin;D:\website\node_global\node_modules;C:\Program Files\Microsoft SQL Server\130\Tools\Binn\;C:\Program Files\Git\cmd;C:\Program Files\dotnet\;C:\Users\soonfui\AppData\Local\Android\Sdk\platform-tools;C:\Users\soonfui\AppData\Local\Android\Sdk\tools;C:\Users\soonfui\AppData\Local\Android\Sdk\tools\bin;C:\Program Files\NVIDIA Corporation\NVIDIA app\NvDLISR;D:\develop\apache-maven-3.9.11\bin;D:\develop\bin;C:\Program Files\Java\graalvm-jdk-17.0.13_windows-x64_bin\graalvm-jdk-17.0.13+10.1\bin;D:\database\app\oracle\product\11.2.0\server\bin;C:\Windows\system32;C:\Windows;C:\Windows\System32\Wbem;D:\develop\bin;C:\Windows\System32\WindowsPowerShell\v1.0\;C:\Windows\System32\OpenSSH\;C:\Program Files (x86)\NVIDIA Corporation\PhysX\Common;C:\WINDOWS\system32;C:\WINDOWS;C:\WINDOWS\System32\Wbem;C:\WINDOWS\System32\WindowsPowerShell\v1.0\;C:\WINDOWS\System32\OpenSSH\;C:\Program Files\Microsoft SQL Server\150\Tools\Binn\;C:\Program Files\Microsoft SQL Server\Client SDK\ODBC\170\Tools\Binn\;C:\Program Files\MySQL\MySQL Server 8.0\bin;D:\website\node_global\node_modules;C:\Program Files\Microsoft SQL Server\130\Tools\Binn\;C:\Program Files\Git\cmd;C:\Program Files\dotnet\;C:\Users\soonfui\AppData\Local\Android\Sdk\platform-tools;C:\Users\soonfui\AppData\Local\Android\Sdk\tools;C:\Users\soonfui\AppData\Local\Android\Sdk\tools\bin;C:\Program Files\NVIDIA Corporation\NVIDIA app\NvDLISR;D:\develop\apache-maven-3.9.11\bin;;D:\develop\flutter_windows_3.24.3-stable\flutter\bin
USERNAME=soonfui
OS=Windows_NT
PROCESSOR_IDENTIFIER=AMD64 Family 23 Model 96 Stepping 1, AuthenticAMD
TMP=C:\Users\soonfui\AppData\Local\Temp
TEMP=C:\Users\soonfui\AppData\Local\Temp




Periodic native trim disabled

---------------  S Y S T E M  ---------------

OS:
 Windows 11 , 64 bit Build 26100 (10.0.26100.6725)
OS uptime: 0 days 2:05 hours
Hyper-V role detected

CPU: total 12 (initial active 12) (12 cores per cpu, 2 threads per core) family 23 model 96 stepping 1 microcode 0x8600106, cx8, cmov, fxsr, ht, mmx, 3dnowpref, sse, sse2, sse3, ssse3, sse4a, sse4.1, sse4.2, popcnt, lzcnt, tsc, tscinvbit, avx, avx2, aes, clmul, bmi1, bmi2, adx, sha, fma, vzeroupper, clflush, clflushopt, hv, rdtscp, rdpid, f16c
Processor Information for the first 12 processors :
  Max Mhz: 3000, Current Mhz: 3000, Mhz Limit: 3000

Memory: 4k page, system-wide physical 15741M (4129M free)
TotalPageFile size 17789M (AvailPageFile size 19M)
current process WorkingSet (physical memory assigned to process): 26M, peak: 26M
current process commit charge ("private bytes"): 196M, peak: 197M

vm_info: OpenJDK 64-Bit Server VM (21.0.8+9-LTS) for windows-amd64 JRE (21.0.8+9-LTS), built on 2025-07-15T00:00:00Z by "admin" with MS VC++ 17.7 (VS2022)

END.
