#
# There is insufficient memory for the Java Runtime Environment to continue.
# Native memory allocation (malloc) failed to allocate 2976528 bytes. Error detail: Chunk::new
# Possible reasons:
#   The system is out of physical RAM or swap space
#   This process is running with CompressedOops enabled, and the Java Heap may be blocking the growth of the native heap
# Possible solutions:
#   Reduce memory load on the system
#   Increase physical memory or swap space
#   Check if swap backing store is full
#   Decrease Java heap size (-Xmx/-Xms)
#   Decrease number of Java threads
#   Decrease Java thread stack sizes (-Xss)
#   Set larger code cache with -XX:ReservedCodeCacheSize=
#   JVM is running with Unscaled Compressed Oops mode in which the Java heap is
#     placed in the first 4GB address space. The Java Heap base address is the
#     maximum limit for the native heap growth. Please use -XX:HeapBaseMinAddress
#     to set the Java Heap base and to place the Java Heap above 4GB virtual address.
# This output file may be truncated or incomplete.
#
#  Out of Memory Error (arena.cpp:168), pid=24412, tid=9644
#
# JRE version: OpenJDK Runtime Environment Temurin-21.0.8+9 (21.0.8+9) (build 21.0.8+9-LTS)
# Java VM: OpenJDK 64-Bit Server VM Temurin-21.0.8+9 (21.0.8+9-LTS, mixed mode, sharing, tiered, compressed oops, compressed class ptrs, parallel gc, windows-amd64)
# No core dump will be written. Minidumps are not enabled by default on client versions of Windows
#

---------------  S U M M A R Y ------------

Command Line: --add-modules=ALL-SYSTEM --add-opens=java.base/java.util=ALL-UNNAMED --add-opens=java.base/java.lang=ALL-UNNAMED --add-opens=java.base/sun.nio.fs=ALL-UNNAMED -Declipse.application=org.eclipse.jdt.ls.core.id1 -Dosgi.bundles.defaultStartLevel=4 -Declipse.product=org.eclipse.jdt.ls.core.product -Djava.import.generatesMetadataFilesAtProjectRoot=false -DDetectVMInstallationsJob.disabled=true -Dfile.encoding=utf8 -XX:+UseParallelGC -XX:GCTimeRatio=4 -XX:AdaptiveSizePolicyWeight=90 -Dsun.zip.disableMemoryMapping=true -Xmx2G -Xms100m -Xlog:disable -javaagent:c:\Users\soonfui\.cursor\extensions\redhat.java-1.47.0-win32-x64\lombok\lombok-1.18.39-4050.jar -XX:+HeapDumpOnOutOfMemoryError -XX:HeapDumpPath=c:\Users\soonfui\AppData\Roaming\Cursor\User\workspaceStorage\a50c5bd9b90d8ec0a0da2123fcbb3801\redhat.java -Daether.dependencyCollector.impl=bf c:\Users\soonfui\.cursor\extensions\redhat.java-1.47.0-win32-x64\server\plugins\org.eclipse.equinox.launcher_1.7.100.v20251014-1222.jar -configuration c:\Users\soonfui\AppData\Roaming\Cursor\User\globalStorage\redhat.java\1.47.0\config_win -data c:\Users\soonfui\AppData\Roaming\Cursor\User\workspaceStorage\a50c5bd9b90d8ec0a0da2123fcbb3801\redhat.java\jdt_ws --pipe=\\.\pipe\lsp-7949ec4acff1c869e2a0c03428e334ff-sock

Host: AMD Ryzen 5 4600H with Radeon Graphics         , 12 cores, 15G,  Windows 11 , 64 bit Build 26100 (10.0.26100.6725)
Time: Fri Oct 31 20:58:18 2025 elapsed time: 48.779442 seconds (0d 0h 0m 48s)

---------------  T H R E A D  ---------------

Current thread (0x000002cd28accbf0):  JavaThread "C2 CompilerThread0" daemon [_thread_in_native, id=9644, stack(0x000000e9a6b00000,0x000000e9a6c00000) (1024K)]


Current CompileTask:
C2:48779 15478       4       org.eclipse.jdt.internal.compiler.lookup.LookupEnvironment::getTypeFromTypeSignature (770 bytes)

Stack: [0x000000e9a6b00000,0x000000e9a6c00000]
Native frames: (J=compiled Java code, j=interpreted, Vv=VM code, C=native code)
V  [jvm.dll+0x6d2449]
V  [jvm.dll+0x8ae341]
V  [jvm.dll+0x8b08be]
V  [jvm.dll+0x8b0fa3]
V  [jvm.dll+0x280c96]
V  [jvm.dll+0xc581d]
V  [jvm.dll+0xc5d53]
V  [jvm.dll+0x3b919c]
V  [jvm.dll+0x1e1409]
V  [jvm.dll+0x249022]
V  [jvm.dll+0x2484af]
V  [jvm.dll+0x1c89ee]
V  [jvm.dll+0x257d4d]
V  [jvm.dll+0x2562ea]
V  [jvm.dll+0x3f2d16]
V  [jvm.dll+0x857e6b]
V  [jvm.dll+0x6d0b0d]
C  [ucrtbase.dll+0x37b0]
C  [KERNEL32.DLL+0x2e8d7]
C  [ntdll.dll+0x8c53c]


---------------  P R O C E S S  ---------------

Threads class SMR info:
_java_thread_list=0x000002cd97229600, length=88, elements={
0x000002cd28b368a0, 0x000002cd28abb690, 0x000002cd28abecb0, 0x000002cd28ac3460,
0x000002cd28ac7280, 0x000002cd28ac9230, 0x000002cd28acbdc0, 0x000002cd28accbf0,
0x000002cd818b1f90, 0x000002cd28b9c570, 0x000002cd81c18600, 0x000002cd87aa7010,
0x000002cd87904f50, 0x000002cd878194e0, 0x000002cd8781af20, 0x000002cd87818e50,
0x000002cd87c66530, 0x000002cd87c699b0, 0x000002cd87c6a040, 0x000002cd87c66bc0,
0x000002cd87c68c90, 0x000002cd87c67f70, 0x000002cd87c6a6d0, 0x000002cd87c678e0,
0x000002cd87c69320, 0x000002cd87c6ad60, 0x000002cd87c6b3f0, 0x000002cd87c6ba80,
0x000002cd87c68600, 0x000002cd87c6db50, 0x000002cd87c6c110, 0x000002cd87c6ce30,
0x000002cd87c6c7a0, 0x000002cd87c6d4c0, 0x000002cd87818130, 0x000002cd8781b5b0,
0x000002cd8781a890, 0x000002cd878187c0, 0x000002cd87819b70, 0x000002cd8781a200,
0x000002cd89046c70, 0x000002cd890458c0, 0x000002cd89045f50, 0x000002cd890465e0,
0x000002cd89043e80, 0x000002cd88d3df10, 0x000002cd88d3e5a0, 0x000002cd88d3ec30,
0x000002cd88d3f2c0, 0x000002cd88d40670, 0x000002cd88d3d1f0, 0x000002cd88d44180,
0x000002cd88d43af0, 0x000002cd88d42740, 0x000002cd88d43460, 0x000002cd88d41390,
0x000002cd88d40d00, 0x000002cd88d44810, 0x000002cd88d42dd0, 0x000002cd88d41a20,
0x000002cd88d420b0, 0x000002cd8b0c2f90, 0x000002cd8b0c4340, 0x000002cd8b0c49d0,
0x000002cd8b0c56f0, 0x000002cd8b0c6410, 0x000002cd8b0c3cb0, 0x000002cd8b0c6aa0,
0x000002cd8b0c3620, 0x000002cd8b0c84e0, 0x000002cd8b0c8b70, 0x000002cd8b0c9890,
0x000002cd89047990, 0x000002cd89048020, 0x000002cd890437f0, 0x000002cd890486b0,
0x000002cd89045230, 0x000002cd8904a780, 0x000002cd8904ae10, 0x000002cd89049a60,
0x000002cd89048d40, 0x000002cd890493d0, 0x000002cd88d3d880, 0x000002cd8b5a5220,
0x000002cd8b5a4480, 0x000002cd9780f2a0, 0x000002cd97810ce0, 0x000002cd97812090
}

Java Threads: ( => current thread )
  0x000002cd28b368a0 JavaThread "main"                              [_thread_blocked, id=15120, stack(0x000000e9a6100000,0x000000e9a6200000) (1024K)]
  0x000002cd28abb690 JavaThread "Reference Handler"          daemon [_thread_blocked, id=10156, stack(0x000000e9a6500000,0x000000e9a6600000) (1024K)]
  0x000002cd28abecb0 JavaThread "Finalizer"                  daemon [_thread_blocked, id=26064, stack(0x000000e9a6600000,0x000000e9a6700000) (1024K)]
  0x000002cd28ac3460 JavaThread "Signal Dispatcher"          daemon [_thread_blocked, id=16860, stack(0x000000e9a6700000,0x000000e9a6800000) (1024K)]
  0x000002cd28ac7280 JavaThread "Attach Listener"            daemon [_thread_blocked, id=12128, stack(0x000000e9a6800000,0x000000e9a6900000) (1024K)]
  0x000002cd28ac9230 JavaThread "Service Thread"             daemon [_thread_blocked, id=2100, stack(0x000000e9a6900000,0x000000e9a6a00000) (1024K)]
  0x000002cd28acbdc0 JavaThread "Monitor Deflation Thread"   daemon [_thread_blocked, id=15048, stack(0x000000e9a6a00000,0x000000e9a6b00000) (1024K)]
=>0x000002cd28accbf0 JavaThread "C2 CompilerThread0"         daemon [_thread_in_native, id=9644, stack(0x000000e9a6b00000,0x000000e9a6c00000) (1024K)]
  0x000002cd818b1f90 JavaThread "C1 CompilerThread0"         daemon [_thread_blocked, id=9868, stack(0x000000e9a6c00000,0x000000e9a6d00000) (1024K)]
  0x000002cd28b9c570 JavaThread "Common-Cleaner"             daemon [_thread_blocked, id=4476, stack(0x000000e9a6d00000,0x000000e9a6e00000) (1024K)]
  0x000002cd81c18600 JavaThread "Notification Thread"        daemon [_thread_blocked, id=2192, stack(0x000000e9a6e00000,0x000000e9a6f00000) (1024K)]
  0x000002cd87aa7010 JavaThread "Active Thread: Equinox Container: 2a4393c4-6619-4372-9d23-728b6593c3f0"        [_thread_blocked, id=26500, stack(0x000000e9a7d00000,0x000000e9a7e00000) (1024K)]
  0x000002cd87904f50 JavaThread "Framework Event Dispatcher: Equinox Container: 2a4393c4-6619-4372-9d23-728b6593c3f0" daemon [_thread_blocked, id=3892, stack(0x000000e9a6f00000,0x000000e9a7000000) (1024K)]
  0x000002cd878194e0 JavaThread "Start Level: Equinox Container: 2a4393c4-6619-4372-9d23-728b6593c3f0" daemon [_thread_blocked, id=18624, stack(0x000000e9a7000000,0x000000e9a7100000) (1024K)]
  0x000002cd8781af20 JavaThread "Refresh Thread: Equinox Container: 2a4393c4-6619-4372-9d23-728b6593c3f0" daemon [_thread_blocked, id=19832, stack(0x000000e9a8000000,0x000000e9a8100000) (1024K)]
  0x000002cd87818e50 JavaThread "Bundle File Closer"         daemon [_thread_blocked, id=3616, stack(0x000000e9a7f00000,0x000000e9a8000000) (1024K)]
  0x000002cd87c66530 JavaThread "SCR Component Actor"        daemon [_thread_blocked, id=22796, stack(0x000000e9a8100000,0x000000e9a8200000) (1024K)]
  0x000002cd87c699b0 JavaThread "Worker-JM"                         [_thread_blocked, id=10324, stack(0x000000e9a8b00000,0x000000e9a8c00000) (1024K)]
  0x000002cd87c6a040 JavaThread "JNA Cleaner"                daemon [_thread_blocked, id=22952, stack(0x000000e9a7800000,0x000000e9a7900000) (1024K)]
  0x000002cd87c66bc0 JavaThread "Worker-0"                          [_thread_blocked, id=6056, stack(0x000000e9a7900000,0x000000e9a7a00000) (1024K)]
  0x000002cd87c68c90 JavaThread "Worker-1"                          [_thread_blocked, id=5480, stack(0x000000e9a7a00000,0x000000e9a7b00000) (1024K)]
  0x000002cd87c67f70 JavaThread "Worker-2: Check JDK Index"         [_thread_blocked, id=22408, stack(0x000000e9a7b00000,0x000000e9a7c00000) (1024K)]
  0x000002cd87c6a6d0 JavaThread "Java indexing"              daemon [_thread_blocked, id=15288, stack(0x000000e9a7c00000,0x000000e9a7d00000) (1024K)]
  0x000002cd87c678e0 JavaThread "Worker-3"                          [_thread_blocked, id=19900, stack(0x000000e9a8200000,0x000000e9a8300000) (1024K)]
  0x000002cd87c69320 JavaThread "Worker-4"                          [_thread_blocked, id=7092, stack(0x000000e9a8400000,0x000000e9a8500000) (1024K)]
  0x000002cd87c6ad60 JavaThread "Thread-1"                   daemon [_thread_in_native, id=24188, stack(0x000000e9a8700000,0x000000e9a8800000) (1024K)]
  0x000002cd87c6b3f0 JavaThread "Thread-2"                   daemon [_thread_in_native, id=6632, stack(0x000000e9a8a00000,0x000000e9a8b00000) (1024K)]
  0x000002cd87c6ba80 JavaThread "Thread-3"                   daemon [_thread_in_native, id=14560, stack(0x000000e9a8c00000,0x000000e9a8d00000) (1024K)]
  0x000002cd87c68600 JavaThread "Thread-4"                   daemon [_thread_in_native, id=15556, stack(0x000000e9a8d00000,0x000000e9a8e00000) (1024K)]
  0x000002cd87c6db50 JavaThread "Thread-5"                   daemon [_thread_in_native, id=17288, stack(0x000000e9a8e00000,0x000000e9a8f00000) (1024K)]
  0x000002cd87c6c110 JavaThread "Thread-6"                   daemon [_thread_in_native, id=3844, stack(0x000000e9a8f00000,0x000000e9a9000000) (1024K)]
  0x000002cd87c6ce30 JavaThread "Worker-5"                          [_thread_blocked, id=15580, stack(0x000000e9a9000000,0x000000e9a9100000) (1024K)]
  0x000002cd87c6c7a0 JavaThread "Thread-7"                   daemon [_thread_in_native, id=26068, stack(0x000000e9a9100000,0x000000e9a9200000) (1024K)]
  0x000002cd87c6d4c0 JavaThread "Thread-8"                   daemon [_thread_in_native, id=23216, stack(0x000000e9a9200000,0x000000e9a9300000) (1024K)]
  0x000002cd87818130 JavaThread "Thread-9"                   daemon [_thread_in_native, id=20908, stack(0x000000e9a9300000,0x000000e9a9400000) (1024K)]
  0x000002cd8781b5b0 JavaThread "Thread-10"                  daemon [_thread_in_native, id=24312, stack(0x000000e9a9400000,0x000000e9a9500000) (1024K)]
  0x000002cd8781a890 JavaThread "Thread-11"                  daemon [_thread_in_native, id=11432, stack(0x000000e9a9500000,0x000000e9a9600000) (1024K)]
  0x000002cd878187c0 JavaThread "Thread-12"                  daemon [_thread_in_native, id=4068, stack(0x000000e9a9600000,0x000000e9a9700000) (1024K)]
  0x000002cd87819b70 JavaThread "Thread-13"                  daemon [_thread_in_native, id=22696, stack(0x000000e9a9700000,0x000000e9a9800000) (1024K)]
  0x000002cd8781a200 JavaThread "pool-2-thread-1"                   [_thread_blocked, id=25456, stack(0x000000e9a9800000,0x000000e9a9900000) (1024K)]
  0x000002cd89046c70 JavaThread "WorkspaceEventsHandler"            [_thread_blocked, id=10588, stack(0x000000e9a9a00000,0x000000e9a9b00000) (1024K)]
  0x000002cd890458c0 JavaThread "pool-1-thread-1"                   [_thread_blocked, id=25328, stack(0x000000e9a9b00000,0x000000e9a9c00000) (1024K)]
  0x000002cd89045f50 JavaThread "Compiler Source File Reader" daemon [_thread_blocked, id=26288, stack(0x000000e9a9d00000,0x000000e9a9e00000) (1024K)]
  0x000002cd890465e0 JavaThread "Compiler Source File Reader" daemon [_thread_blocked, id=13056, stack(0x000000e9a9e00000,0x000000e9a9f00000) (1024K)]
  0x000002cd89043e80 JavaThread "Compiler Processing Task"   daemon [_thread_blocked, id=18380, stack(0x000000e9a9f00000,0x000000e9aa000000) (1024K)]
  0x000002cd88d3df10 JavaThread "Compiler Class File Writer" daemon [_thread_blocked, id=23964, stack(0x000000e9aac00000,0x000000e9aad00000) (1024K)]
  0x000002cd88d3e5a0 JavaThread "LocalFile Deleter"          daemon [_thread_blocked, id=13840, stack(0x000000e9aad00000,0x000000e9aae00000) (1024K)]
  0x000002cd88d3ec30 JavaThread "LocalFile Deleter"          daemon [_thread_blocked, id=22680, stack(0x000000e9aae00000,0x000000e9aaf00000) (1024K)]
  0x000002cd88d3f2c0 JavaThread "LocalFile Deleter"          daemon [_thread_blocked, id=17792, stack(0x000000e9aaf00000,0x000000e9ab000000) (1024K)]
  0x000002cd88d40670 JavaThread "LocalFile Deleter"          daemon [_thread_blocked, id=16804, stack(0x000000e9ab000000,0x000000e9ab100000) (1024K)]
  0x000002cd88d3d1f0 JavaThread "LocalFile Deleter"          daemon [_thread_blocked, id=4344, stack(0x000000e9ab100000,0x000000e9ab200000) (1024K)]
  0x000002cd88d44180 JavaThread "LocalFile Deleter"          daemon [_thread_blocked, id=14288, stack(0x000000e9ab200000,0x000000e9ab300000) (1024K)]
  0x000002cd88d43af0 JavaThread "LocalFile Deleter"          daemon [_thread_blocked, id=25980, stack(0x000000e9ab300000,0x000000e9ab400000) (1024K)]
  0x000002cd88d42740 JavaThread "LocalFile Deleter"          daemon [_thread_blocked, id=24136, stack(0x000000e9ab400000,0x000000e9ab500000) (1024K)]
  0x000002cd88d43460 JavaThread "LocalFile Deleter"          daemon [_thread_blocked, id=14988, stack(0x000000e9ab500000,0x000000e9ab600000) (1024K)]
  0x000002cd88d41390 JavaThread "Compiler Source File Reader" daemon [_thread_blocked, id=15764, stack(0x000000e9ab600000,0x000000e9ab700000) (1024K)]
  0x000002cd88d40d00 JavaThread "Compiler Source File Reader" daemon [_thread_blocked, id=22260, stack(0x000000e9ab700000,0x000000e9ab800000) (1024K)]
  0x000002cd88d44810 JavaThread "Compiler Source File Reader" daemon [_thread_blocked, id=9464, stack(0x000000e9ab800000,0x000000e9ab900000) (1024K)]
  0x000002cd88d42dd0 JavaThread "Compiler Source File Reader" daemon [_thread_blocked, id=26268, stack(0x000000e9ab900000,0x000000e9aba00000) (1024K)]
  0x000002cd88d41a20 JavaThread "Compiler Source File Reader" daemon [_thread_blocked, id=15140, stack(0x000000e9aba00000,0x000000e9abb00000) (1024K)]
  0x000002cd88d420b0 JavaThread "Compiler Source File Reader" daemon [_thread_blocked, id=4400, stack(0x000000e9abb00000,0x000000e9abc00000) (1024K)]
  0x000002cd8b0c2f90 JavaThread "Compiler Source File Reader" daemon [_thread_blocked, id=3644, stack(0x000000e9abc00000,0x000000e9abd00000) (1024K)]
  0x000002cd8b0c4340 JavaThread "Compiler Source File Reader" daemon [_thread_blocked, id=18376, stack(0x000000e9abd00000,0x000000e9abe00000) (1024K)]
  0x000002cd8b0c49d0 JavaThread "Compiler Class File Writer" daemon [_thread_blocked, id=1656, stack(0x000000e9abe00000,0x000000e9abf00000) (1024K)]
  0x000002cd8b0c56f0 JavaThread "Compiler Class File Writer" daemon [_thread_blocked, id=20844, stack(0x000000e9abf00000,0x000000e9ac000000) (1024K)]
  0x000002cd8b0c6410 JavaThread "Compiler Class File Writer" daemon [_thread_blocked, id=20936, stack(0x000000e9ac000000,0x000000e9ac100000) (1024K)]
  0x000002cd8b0c3cb0 JavaThread "Compiler Class File Writer" daemon [_thread_blocked, id=26388, stack(0x000000e9ac100000,0x000000e9ac200000) (1024K)]
  0x000002cd8b0c6aa0 JavaThread "Compiler Class File Writer" daemon [_thread_blocked, id=18452, stack(0x000000e9ac200000,0x000000e9ac300000) (1024K)]
  0x000002cd8b0c3620 JavaThread "Compiler Class File Writer" daemon [_thread_blocked, id=6040, stack(0x000000e9ac300000,0x000000e9ac400000) (1024K)]
  0x000002cd8b0c84e0 JavaThread "Compiler Class File Writer" daemon [_thread_blocked, id=6352, stack(0x000000e9ac400000,0x000000e9ac500000) (1024K)]
  0x000002cd8b0c8b70 JavaThread "Compiler Class File Writer" daemon [_thread_blocked, id=1940, stack(0x000000e9ac500000,0x000000e9ac600000) (1024K)]
  0x000002cd8b0c9890 JavaThread "Compiler Class File Writer" daemon [_thread_blocked, id=1244, stack(0x000000e9ac600000,0x000000e9ac700000) (1024K)]
  0x000002cd89047990 JavaThread "ForkJoinPool.commonPool-worker-1" daemon [_thread_blocked, id=17696, stack(0x000000e9a7700000,0x000000e9a7800000) (1024K)]
  0x000002cd89048020 JavaThread "ForkJoinPool.commonPool-worker-2" daemon [_thread_blocked, id=22336, stack(0x000000e9a8300000,0x000000e9a8400000) (1024K)]
  0x000002cd890437f0 JavaThread "ForkJoinPool.commonPool-worker-3" daemon [_thread_blocked, id=11244, stack(0x000000e9a9c00000,0x000000e9a9d00000) (1024K)]
  0x000002cd890486b0 JavaThread "ForkJoinPool.commonPool-worker-4" daemon [_thread_blocked, id=2316, stack(0x000000e9aa000000,0x000000e9aa100000) (1024K)]
  0x000002cd89045230 JavaThread "ForkJoinPool.commonPool-worker-5" daemon [_thread_blocked, id=6640, stack(0x000000e9aa200000,0x000000e9aa300000) (1024K)]
  0x000002cd8904a780 JavaThread "ForkJoinPool.commonPool-worker-6" daemon [_thread_blocked, id=26180, stack(0x000000e9aa300000,0x000000e9aa400000) (1024K)]
  0x000002cd8904ae10 JavaThread "ForkJoinPool.commonPool-worker-7" daemon [_thread_blocked, id=6740, stack(0x000000e9aa400000,0x000000e9aa500000) (1024K)]
  0x000002cd89049a60 JavaThread "ForkJoinPool.commonPool-worker-8" daemon [_thread_blocked, id=23792, stack(0x000000e9aa500000,0x000000e9aa600000) (1024K)]
  0x000002cd89048d40 JavaThread "LocalFile Deleter"          daemon [_thread_blocked, id=4336, stack(0x000000e9aa600000,0x000000e9aa700000) (1024K)]
  0x000002cd890493d0 JavaThread "LocalFile Deleter"          daemon [_thread_blocked, id=9208, stack(0x000000e9aa700000,0x000000e9aa800000) (1024K)]
  0x000002cd88d3d880 JavaThread "LocalFile Deleter"          daemon [_thread_blocked, id=8444, stack(0x000000e9aa800000,0x000000e9aa900000) (1024K)]
  0x000002cd8b5a5220 JavaThread "C2 CompilerThread1"         daemon [_thread_blocked, id=13704, stack(0x000000e9a5f00000,0x000000e9a6000000) (1024K)]
  0x000002cd8b5a4480 JavaThread "C2 CompilerThread2"         daemon [_thread_blocked, id=23540, stack(0x000000e9aa100000,0x000000e9aa200000) (1024K)]
  0x000002cd9780f2a0 JavaThread "ForkJoinPool.commonPool-worker-9" daemon [_thread_blocked, id=23688, stack(0x000000e9aa900000,0x000000e9aaa00000) (1024K)]
  0x000002cd97810ce0 JavaThread "ForkJoinPool.commonPool-worker-10" daemon [_thread_blocked, id=26192, stack(0x000000e9aaa00000,0x000000e9aab00000) (1024K)]
  0x000002cd97812090 JavaThread "ForkJoinPool.commonPool-worker-11" daemon [_thread_blocked, id=22844, stack(0x000000e9aab00000,0x000000e9aac00000) (1024K)]
Total: 88

Other Threads:
  0x000002cd28bd06e0 VMThread "VM Thread"                           [id=21000, stack(0x000000e9a6400000,0x000000e9a6500000) (1024K)]
  0x000002cd289aca00 WatcherThread "VM Periodic Task Thread"        [id=8536, stack(0x000000e9a6300000,0x000000e9a6400000) (1024K)]
  0x000002cd28b46860 WorkerThread "GC Thread#0"                     [id=22704, stack(0x000000e9a6200000,0x000000e9a6300000) (1024K)]
  0x000002cd877a9860 WorkerThread "GC Thread#1"                     [id=26000, stack(0x000000e9a7100000,0x000000e9a7200000) (1024K)]
  0x000002cd87103510 WorkerThread "GC Thread#2"                     [id=1348, stack(0x000000e9a7200000,0x000000e9a7300000) (1024K)]
  0x000002cd871038b0 WorkerThread "GC Thread#3"                     [id=10684, stack(0x000000e9a7300000,0x000000e9a7400000) (1024K)]
  0x000002cd87103c50 WorkerThread "GC Thread#4"                     [id=1492, stack(0x000000e9a7400000,0x000000e9a7500000) (1024K)]
  0x000002cd81c83fc0 WorkerThread "GC Thread#5"                     [id=12140, stack(0x000000e9a7500000,0x000000e9a7600000) (1024K)]
  0x000002cd81c84360 WorkerThread "GC Thread#6"                     [id=23464, stack(0x000000e9a7600000,0x000000e9a7700000) (1024K)]
  0x000002cd879e8040 WorkerThread "GC Thread#7"                     [id=2928, stack(0x000000e9a7e00000,0x000000e9a7f00000) (1024K)]
  0x000002cd870c8740 WorkerThread "GC Thread#8"                     [id=21556, stack(0x000000e9a8800000,0x000000e9a8900000) (1024K)]
  0x000002cd870c83a0 WorkerThread "GC Thread#9"                     [id=6504, stack(0x000000e9a8900000,0x000000e9a8a00000) (1024K)]
Total: 12

Threads with active compile tasks:
C2 CompilerThread0  48807 15478       4       org.eclipse.jdt.internal.compiler.lookup.LookupEnvironment::getTypeFromTypeSignature (770 bytes)
C2 CompilerThread1  48807 15737 %     4       org.eclipse.jdt.internal.core.index.DiskIndex::readChunk @ 28 (266 bytes)
C2 CompilerThread2  48807 15750 %     4       org.eclipse.jdt.internal.core.index.DiskIndex::readStreamChars @ 130 (529 bytes)
Total: 3

VM state: at safepoint (normal execution)

VM Mutex/Monitor currently owned by a thread:  ([mutex/lock_event])
[0x00007ffcbd445458] Threads_lock - owner thread: 0x000002cd28bd06e0
[0x00007ffcbd445558] Heap_lock - owner thread: 0x000002cd8904a780

Heap address: 0x0000000080000000, size: 2048 MB, Compressed Oops mode: 32-bit

CDS archive(s) mapped at: [0x000002cd40000000-0x000002cd40ba0000-0x000002cd40ba0000), size 12189696, SharedBaseAddress: 0x000002cd40000000, ArchiveRelocationMode: 1.
Compressed class space mapped at: 0x000002cd41000000-0x000002cd81000000, reserved size: 1073741824
Narrow klass base: 0x000002cd40000000, Narrow klass shift: 0, Narrow klass range: 0x100000000

GC Precious Log:
 CardTable entry size: 512
 CPUs: 12 total, 12 available
 Memory: 15741M
 Large Page Support: Disabled
 NUMA Support: Disabled
 Compressed Oops: Enabled (32-bit)
 Alignments: Space 512K, Generation 512K, Heap 2M
 Heap Min Capacity: 100M
 Heap Initial Capacity: 100M
 Heap Max Capacity: 2G
 Pre-touch: Disabled
 Parallel Workers: 10

Heap:
 PSYoungGen      total 8192K, used 3058K [0x00000000d5580000, 0x00000000d6080000, 0x0000000100000000)
  eden space 5120K, 0% used [0x00000000d5580000,0x00000000d5580000,0x00000000d5a80000)
  from space 3072K, 99% used [0x00000000d5d80000,0x00000000d607ca80,0x00000000d6080000)
  to   space 2560K, 0% used [0x00000000d5b00000,0x00000000d5b00000,0x00000000d5d80000)
 ParOldGen       total 1135616K, used 1135149K [0x0000000080000000, 0x00000000c5500000, 0x00000000d5580000)
  object space 1135616K, 99% used [0x0000000080000000,0x00000000c548b640,0x00000000c5500000)
 Metaspace       used 74405K, committed 76096K, reserved 1179648K
  class space    used 7792K, committed 8512K, reserved 1048576K

Card table byte_map: [0x000002cd284c0000,0x000002cd288d0000] _byte_map_base: 0x000002cd280c0000

Marking Bits: (ParMarkBitMap*) 0x00007ffcbd44a340
 Begin Bits: [0x000002cd3afc0000, 0x000002cd3cfc0000)
 End Bits:   [0x000002cd3cfc0000, 0x000002cd3efc0000)

Polling page: 0x000002cd26a30000

Metaspace:

Usage:
  Non-class:     65.05 MB used.
      Class:      7.61 MB used.
       Both:     72.66 MB used.

Virtual space:
  Non-class space:      128.00 MB reserved,      66.00 MB ( 52%) committed,  2 nodes.
      Class space:        1.00 GB reserved,       8.31 MB ( <1%) committed,  1 nodes.
             Both:        1.12 GB reserved,      74.31 MB (  6%) committed. 

Chunk freelists:
   Non-Class:  13.83 MB
       Class:  7.58 MB
        Both:  21.41 MB

MaxMetaspaceSize: unlimited
CompressedClassSpaceSize: 1.00 GB
Initial GC threshold: 21.00 MB
Current GC threshold: 97.31 MB
CDS: on
 - commit_granule_bytes: 65536.
 - commit_granule_words: 8192.
 - virtual_space_node_default_size: 8388608.
 - enlarge_chunks_in_place: 1.
 - use_allocation_guard: 0.


Internal statistics:

num_allocs_failed_limit: 9.
num_arena_births: 1352.
num_arena_deaths: 14.
num_vsnodes_births: 3.
num_vsnodes_deaths: 0.
num_space_committed: 1189.
num_space_uncommitted: 0.
num_chunks_returned_to_freelist: 23.
num_chunks_taken_from_freelist: 4913.
num_chunk_merges: 13.
num_chunk_splits: 2889.
num_chunks_enlarged: 1451.
num_inconsistent_stats: 0.

CodeHeap 'non-profiled nmethods': size=120000Kb used=12071Kb max_used=12071Kb free=107928Kb
 bounds [0x000002cd337e0000, 0x000002cd343b0000, 0x000002cd3ad10000]
CodeHeap 'profiled nmethods': size=120000Kb used=33789Kb max_used=33789Kb free=86210Kb
 bounds [0x000002cd2bd10000, 0x000002cd2de10000, 0x000002cd33240000]
CodeHeap 'non-nmethods': size=5760Kb used=1526Kb max_used=1563Kb free=4233Kb
 bounds [0x000002cd33240000, 0x000002cd334b0000, 0x000002cd337e0000]
CodeCache: size=245760Kb, used=47386Kb, max_used=47423Kb, free=198371Kb
 total_blobs=15622, nmethods=14809, adapters=715, full_count=0
Compilation: enabled, stopped_count=0, restarted_count=0

Compilation events (20 events):
Event: 47.573 Thread 0x000002cd8b5a5220 15737 %     4       org.eclipse.jdt.internal.core.index.DiskIndex::readChunk @ 28 (266 bytes)
Event: 47.615 Thread 0x000002cd818b1f90 15740       3       org.eclipse.jdt.internal.core.index.DiskIndex::addQueryResult (173 bytes)
Event: 47.616 Thread 0x000002cd818b1f90 nmethod 15740 0x000002cd2de09d10 code [0x000002cd2de09fe0, 0x000002cd2de0abc0]
Event: 47.710 Thread 0x000002cd818b1f90 15745  s    3       org.eclipse.jdt.internal.core.search.indexing.IndexManager::getIndex (12 bytes)
Event: 47.710 Thread 0x000002cd818b1f90 nmethod 15745 0x000002cd2de0b190 code [0x000002cd2de0b340, 0x000002cd2de0b638]
Event: 47.710 Thread 0x000002cd8b5a4480 15738       4       org.eclipse.jdt.internal.core.index.DiskIndex::readStreamDocumentArray (267 bytes)
Event: 47.711 Thread 0x000002cd818b1f90 15746       3       jdk.internal.misc.Unsafe::getAndSetInt (24 bytes)
Event: 47.711 Thread 0x000002cd818b1f90 nmethod 15746 0x000002cd2de0b710 code [0x000002cd2de0b8c0, 0x000002cd2de0baf0]
Event: 47.711 Thread 0x000002cd818b1f90 15747 %     3       org.eclipse.jdt.internal.core.index.DiskIndex::readStreamChars @ 175 (529 bytes)
Event: 47.712 Thread 0x000002cd818b1f90 nmethod 15747% 0x000002cd2de0bc10 code [0x000002cd2de0bec0, 0x000002cd2de0cf88]
Event: 47.712 Thread 0x000002cd818b1f90 15748       2       org.eclipse.jdt.internal.core.index.DiskIndex::readStreamChars (529 bytes)
Event: 47.713 Thread 0x000002cd818b1f90 nmethod 15748 0x000002cd2de0d610 code [0x000002cd2de0d860, 0x000002cd2de0e2a0]
Event: 47.713 Thread 0x000002cd818b1f90 15749       3       jdk.internal.misc.Unsafe::storeStoreFence (5 bytes)
Event: 47.713 Thread 0x000002cd818b1f90 nmethod 15749 0x000002cd2de0e810 code [0x000002cd2de0e9a0, 0x000002cd2de0eac0]
Event: 47.715 Thread 0x000002cd818b1f90 15751       3       java.util.concurrent.ForkJoinPool$WorkQueue::getAndSetAccess (12 bytes)
Event: 47.715 Thread 0x000002cd818b1f90 nmethod 15751 0x000002cd2de0eb90 code [0x000002cd2de0ed20, 0x000002cd2de0ee38]
Event: 47.728 Thread 0x000002cd8b5a4480 nmethod 15738 0x000002cd343a9010 code [0x000002cd343a91e0, 0x000002cd343a9af0]
Event: 47.728 Thread 0x000002cd8b5a4480 15750 %     4       org.eclipse.jdt.internal.core.index.DiskIndex::readStreamChars @ 130 (529 bytes)
Event: 47.738 Thread 0x000002cd818b1f90 15753       3       org.eclipse.jdt.core.compiler.CharOperation::prefixEquals (36 bytes)
Event: 47.739 Thread 0x000002cd818b1f90 nmethod 15753 0x000002cd2de0ef10 code [0x000002cd2de0f0e0, 0x000002cd2de0f390]

GC Heap History (20 events):
Event: 47.573 GC heap after
{Heap after GC invocations=1147 (full 3):
 PSYoungGen      total 4096K, used 1061K [0x00000000d5580000, 0x00000000d5c00000, 0x0000000100000000)
  eden space 2560K, 0% used [0x00000000d5580000,0x00000000d5580000,0x00000000d5800000)
  from space 1536K, 69% used [0x00000000d5a80000,0x00000000d5b895e8,0x00000000d5c00000)
  to   space 1536K, 0% used [0x00000000d5900000,0x00000000d5900000,0x00000000d5a80000)
 ParOldGen       total 1115648K, used 1115644K [0x0000000080000000, 0x00000000c4180000, 0x00000000d5580000)
  object space 1115648K, 99% used [0x0000000080000000,0x00000000c417f080,0x00000000c4180000)
 Metaspace       used 74403K, committed 76096K, reserved 1179648K
  class space    used 7792K, committed 8512K, reserved 1048576K
}
Event: 47.577 GC heap before
{Heap before GC invocations=1148 (full 3):
 PSYoungGen      total 4096K, used 3621K [0x00000000d5580000, 0x00000000d5c00000, 0x0000000100000000)
  eden space 2560K, 100% used [0x00000000d5580000,0x00000000d5800000,0x00000000d5800000)
  from space 1536K, 69% used [0x00000000d5a80000,0x00000000d5b895e8,0x00000000d5c00000)
  to   space 1536K, 0% used [0x00000000d5900000,0x00000000d5900000,0x00000000d5a80000)
 ParOldGen       total 1115648K, used 1115644K [0x0000000080000000, 0x00000000c4180000, 0x00000000d5580000)
  object space 1115648K, 99% used [0x0000000080000000,0x00000000c417f080,0x00000000c4180000)
 Metaspace       used 74403K, committed 76096K, reserved 1179648K
  class space    used 7792K, committed 8512K, reserved 1048576K
}
Event: 47.579 GC heap after
{Heap after GC invocations=1148 (full 3):
 PSYoungGen      total 3584K, used 992K [0x00000000d5580000, 0x00000000d5b00000, 0x0000000100000000)
  eden space 2560K, 0% used [0x00000000d5580000,0x00000000d5580000,0x00000000d5800000)
  from space 1024K, 96% used [0x00000000d5900000,0x00000000d59f8000,0x00000000d5a00000)
  to   space 1024K, 0% used [0x00000000d5a00000,0x00000000d5a00000,0x00000000d5b00000)
 ParOldGen       total 1116672K, used 1116628K [0x0000000080000000, 0x00000000c4280000, 0x00000000d5580000)
  object space 1116672K, 99% used [0x0000000080000000,0x00000000c4275388,0x00000000c4280000)
 Metaspace       used 74403K, committed 76096K, reserved 1179648K
  class space    used 7792K, committed 8512K, reserved 1048576K
}
Event: 47.583 GC heap before
{Heap before GC invocations=1149 (full 3):
 PSYoungGen      total 3584K, used 3552K [0x00000000d5580000, 0x00000000d5b00000, 0x0000000100000000)
  eden space 2560K, 100% used [0x00000000d5580000,0x00000000d5800000,0x00000000d5800000)
  from space 1024K, 96% used [0x00000000d5900000,0x00000000d59f8000,0x00000000d5a00000)
  to   space 1024K, 0% used [0x00000000d5a00000,0x00000000d5a00000,0x00000000d5b00000)
 ParOldGen       total 1116672K, used 1116628K [0x0000000080000000, 0x00000000c4280000, 0x00000000d5580000)
  object space 1116672K, 99% used [0x0000000080000000,0x00000000c4275388,0x00000000c4280000)
 Metaspace       used 74403K, committed 76096K, reserved 1179648K
  class space    used 7792K, committed 8512K, reserved 1048576K
}
Event: 47.586 GC heap after
{Heap after GC invocations=1149 (full 3):
 PSYoungGen      total 4096K, used 992K [0x00000000d5580000, 0x00000000d5b00000, 0x0000000100000000)
  eden space 3072K, 0% used [0x00000000d5580000,0x00000000d5580000,0x00000000d5880000)
  from space 1024K, 96% used [0x00000000d5a00000,0x00000000d5af8000,0x00000000d5b00000)
  to   space 1024K, 0% used [0x00000000d5900000,0x00000000d5900000,0x00000000d5a00000)
 ParOldGen       total 1117696K, used 1117500K [0x0000000080000000, 0x00000000c4380000, 0x00000000d5580000)
  object space 1117696K, 99% used [0x0000000080000000,0x00000000c434f388,0x00000000c4380000)
 Metaspace       used 74403K, committed 76096K, reserved 1179648K
  class space    used 7792K, committed 8512K, reserved 1048576K
}
Event: 47.590 GC heap before
{Heap before GC invocations=1150 (full 3):
 PSYoungGen      total 4096K, used 4064K [0x00000000d5580000, 0x00000000d5b00000, 0x0000000100000000)
  eden space 3072K, 100% used [0x00000000d5580000,0x00000000d5880000,0x00000000d5880000)
  from space 1024K, 96% used [0x00000000d5a00000,0x00000000d5af8000,0x00000000d5b00000)
  to   space 1024K, 0% used [0x00000000d5900000,0x00000000d5900000,0x00000000d5a00000)
 ParOldGen       total 1117696K, used 1117500K [0x0000000080000000, 0x00000000c4380000, 0x00000000d5580000)
  object space 1117696K, 99% used [0x0000000080000000,0x00000000c434f388,0x00000000c4380000)
 Metaspace       used 74403K, committed 76096K, reserved 1179648K
  class space    used 7792K, committed 8512K, reserved 1048576K
}
Event: 47.593 GC heap after
{Heap after GC invocations=1150 (full 3):
 PSYoungGen      total 4608K, used 1014K [0x00000000d5580000, 0x00000000d6080000, 0x0000000100000000)
  eden space 3584K, 0% used [0x00000000d5580000,0x00000000d5580000,0x00000000d5900000)
  from space 1024K, 99% used [0x00000000d5900000,0x00000000d59fd928,0x00000000d5a00000)
  to   space 3584K, 0% used [0x00000000d5d00000,0x00000000d5d00000,0x00000000d6080000)
 ParOldGen       total 1119744K, used 1119260K [0x0000000080000000, 0x00000000c4580000, 0x00000000d5580000)
  object space 1119744K, 99% used [0x0000000080000000,0x00000000c4507388,0x00000000c4580000)
 Metaspace       used 74403K, committed 76096K, reserved 1179648K
  class space    used 7792K, committed 8512K, reserved 1048576K
}
Event: 47.604 GC heap before
{Heap before GC invocations=1151 (full 3):
 PSYoungGen      total 4608K, used 4598K [0x00000000d5580000, 0x00000000d6080000, 0x0000000100000000)
  eden space 3584K, 100% used [0x00000000d5580000,0x00000000d5900000,0x00000000d5900000)
  from space 1024K, 99% used [0x00000000d5900000,0x00000000d59fd928,0x00000000d5a00000)
  to   space 3584K, 0% used [0x00000000d5d00000,0x00000000d5d00000,0x00000000d6080000)
 ParOldGen       total 1119744K, used 1119260K [0x0000000080000000, 0x00000000c4580000, 0x00000000d5580000)
  object space 1119744K, 99% used [0x0000000080000000,0x00000000c4507388,0x00000000c4580000)
 Metaspace       used 74403K, committed 76096K, reserved 1179648K
  class space    used 7792K, committed 8512K, reserved 1048576K
}
Event: 47.609 GC heap after
{Heap after GC invocations=1151 (full 3):
 PSYoungGen      total 6144K, used 3584K [0x00000000d5580000, 0x00000000d6400000, 0x0000000100000000)
  eden space 2560K, 0% used [0x00000000d5580000,0x00000000d5580000,0x00000000d5800000)
  from space 3584K, 100% used [0x00000000d5d00000,0x00000000d6080000,0x00000000d6080000)
  to   space 5120K, 0% used [0x00000000d5800000,0x00000000d5800000,0x00000000d5d00000)
 ParOldGen       total 1120768K, used 1120387K [0x0000000080000000, 0x00000000c4680000, 0x00000000d5580000)
  object space 1120768K, 99% used [0x0000000080000000,0x00000000c4620cb0,0x00000000c4680000)
 Metaspace       used 74403K, committed 76096K, reserved 1179648K
  class space    used 7792K, committed 8512K, reserved 1048576K
}
Event: 47.616 GC heap before
{Heap before GC invocations=1152 (full 3):
 PSYoungGen      total 6144K, used 6144K [0x00000000d5580000, 0x00000000d6400000, 0x0000000100000000)
  eden space 2560K, 100% used [0x00000000d5580000,0x00000000d5800000,0x00000000d5800000)
  from space 3584K, 100% used [0x00000000d5d00000,0x00000000d6080000,0x00000000d6080000)
  to   space 5120K, 0% used [0x00000000d5800000,0x00000000d5800000,0x00000000d5d00000)
 ParOldGen       total 1120768K, used 1120387K [0x0000000080000000, 0x00000000c4680000, 0x00000000d5580000)
  object space 1120768K, 99% used [0x0000000080000000,0x00000000c4620cb0,0x00000000c4680000)
 Metaspace       used 74403K, committed 76096K, reserved 1179648K
  class space    used 7792K, committed 8512K, reserved 1048576K
}
Event: 47.621 GC heap after
{Heap after GC invocations=1152 (full 3):
 PSYoungGen      total 5632K, used 2762K [0x00000000d5580000, 0x00000000d5f80000, 0x0000000100000000)
  eden space 2560K, 0% used [0x00000000d5580000,0x00000000d5580000,0x00000000d5800000)
  from space 3072K, 89% used [0x00000000d5800000,0x00000000d5ab29c8,0x00000000d5b00000)
  to   space 3584K, 0% used [0x00000000d5c00000,0x00000000d5c00000,0x00000000d5f80000)
 ParOldGen       total 1124352K, used 1123955K [0x0000000080000000, 0x00000000c4a00000, 0x00000000d5580000)
  object space 1124352K, 99% used [0x0000000080000000,0x00000000c499ccb0,0x00000000c4a00000)
 Metaspace       used 74403K, committed 76096K, reserved 1179648K
  class space    used 7792K, committed 8512K, reserved 1048576K
}
Event: 47.624 GC heap before
{Heap before GC invocations=1153 (full 3):
 PSYoungGen      total 5632K, used 5188K [0x00000000d5580000, 0x00000000d5f80000, 0x0000000100000000)
  eden space 2560K, 94% used [0x00000000d5580000,0x00000000d57de888,0x00000000d5800000)
  from space 3072K, 89% used [0x00000000d5800000,0x00000000d5ab29c8,0x00000000d5b00000)
  to   space 3584K, 0% used [0x00000000d5c00000,0x00000000d5c00000,0x00000000d5f80000)
 ParOldGen       total 1124352K, used 1123955K [0x0000000080000000, 0x00000000c4a00000, 0x00000000d5580000)
  object space 1124352K, 99% used [0x0000000080000000,0x00000000c499ccb0,0x00000000c4a00000)
 Metaspace       used 74403K, committed 76096K, reserved 1179648K
  class space    used 7792K, committed 8512K, reserved 1048576K
}
Event: 47.628 GC heap after
{Heap after GC invocations=1153 (full 3):
 PSYoungGen      total 5632K, used 2552K [0x00000000d5580000, 0x00000000d5e80000, 0x0000000100000000)
  eden space 3072K, 0% used [0x00000000d5580000,0x00000000d5580000,0x00000000d5880000)
  from space 2560K, 99% used [0x00000000d5c00000,0x00000000d5e7e090,0x00000000d5e80000)
  to   space 3072K, 0% used [0x00000000d5880000,0x00000000d5880000,0x00000000d5b80000)
 ParOldGen       total 1126400K, used 1126074K [0x0000000080000000, 0x00000000c4c00000, 0x00000000d5580000)
  object space 1126400K, 99% used [0x0000000080000000,0x00000000c4baea38,0x00000000c4c00000)
 Metaspace       used 74403K, committed 76096K, reserved 1179648K
  class space    used 7792K, committed 8512K, reserved 1048576K
}
Event: 47.636 GC heap before
{Heap before GC invocations=1154 (full 3):
 PSYoungGen      total 5632K, used 5624K [0x00000000d5580000, 0x00000000d5e80000, 0x0000000100000000)
  eden space 3072K, 100% used [0x00000000d5580000,0x00000000d5880000,0x00000000d5880000)
  from space 2560K, 99% used [0x00000000d5c00000,0x00000000d5e7e090,0x00000000d5e80000)
  to   space 3072K, 0% used [0x00000000d5880000,0x00000000d5880000,0x00000000d5b80000)
 ParOldGen       total 1126400K, used 1126074K [0x0000000080000000, 0x00000000c4c00000, 0x00000000d5580000)
  object space 1126400K, 99% used [0x0000000080000000,0x00000000c4baea38,0x00000000c4c00000)
 Metaspace       used 74403K, committed 76096K, reserved 1179648K
  class space    used 7792K, committed 8512K, reserved 1048576K
}
Event: 47.640 GC heap after
{Heap after GC invocations=1154 (full 3):
 PSYoungGen      total 6144K, used 3052K [0x00000000d5580000, 0x00000000d6280000, 0x0000000100000000)
  eden space 3072K, 0% used [0x00000000d5580000,0x00000000d5580000,0x00000000d5880000)
  from space 3072K, 99% used [0x00000000d5880000,0x00000000d5b7b3a8,0x00000000d5b80000)
  to   space 4608K, 0% used [0x00000000d5e00000,0x00000000d5e00000,0x00000000d6280000)
 ParOldGen       total 1127424K, used 1127018K [0x0000000080000000, 0x00000000c4d00000, 0x00000000d5580000)
  object space 1127424K, 99% used [0x0000000080000000,0x00000000c4c9aa38,0x00000000c4d00000)
 Metaspace       used 74403K, committed 76096K, reserved 1179648K
  class space    used 7792K, committed 8512K, reserved 1048576K
}
Event: 47.650 GC heap before
{Heap before GC invocations=1155 (full 3):
 PSYoungGen      total 6144K, used 6117K [0x00000000d5580000, 0x00000000d6280000, 0x0000000100000000)
  eden space 3072K, 99% used [0x00000000d5580000,0x00000000d587e310,0x00000000d5880000)
  from space 3072K, 99% used [0x00000000d5880000,0x00000000d5b7b3a8,0x00000000d5b80000)
  to   space 4608K, 0% used [0x00000000d5e00000,0x00000000d5e00000,0x00000000d6280000)
 ParOldGen       total 1127424K, used 1127018K [0x0000000080000000, 0x00000000c4d00000, 0x00000000d5580000)
  object space 1127424K, 99% used [0x0000000080000000,0x00000000c4c9aa38,0x00000000c4d00000)
 Metaspace       used 74403K, committed 76096K, reserved 1179648K
  class space    used 7792K, committed 8512K, reserved 1048576K
}
Event: 47.654 GC heap after
{Heap after GC invocations=1155 (full 3):
 PSYoungGen      total 6144K, used 1597K [0x00000000d5580000, 0x00000000d6000000, 0x0000000100000000)
  eden space 4096K, 0% used [0x00000000d5580000,0x00000000d5580000,0x00000000d5980000)
  from space 2048K, 77% used [0x00000000d5e00000,0x00000000d5f8f518,0x00000000d6000000)
  to   space 2560K, 0% used [0x00000000d5b00000,0x00000000d5b00000,0x00000000d5d80000)
 ParOldGen       total 1129984K, used 1129761K [0x0000000080000000, 0x00000000c4f80000, 0x00000000d5580000)
  object space 1129984K, 99% used [0x0000000080000000,0x00000000c4f484b8,0x00000000c4f80000)
 Metaspace       used 74403K, committed 76096K, reserved 1179648K
  class space    used 7792K, committed 8512K, reserved 1048576K
}
Event: 47.717 GC heap before
{Heap before GC invocations=1156 (full 3):
 PSYoungGen      total 6144K, used 5693K [0x00000000d5580000, 0x00000000d6000000, 0x0000000100000000)
  eden space 4096K, 99% used [0x00000000d5580000,0x00000000d597ff88,0x00000000d5980000)
  from space 2048K, 77% used [0x00000000d5e00000,0x00000000d5f8f518,0x00000000d6000000)
  to   space 2560K, 0% used [0x00000000d5b00000,0x00000000d5b00000,0x00000000d5d80000)
 ParOldGen       total 1129984K, used 1129761K [0x0000000080000000, 0x00000000c4f80000, 0x00000000d5580000)
  object space 1129984K, 99% used [0x0000000080000000,0x00000000c4f484b8,0x00000000c4f80000)
 Metaspace       used 74405K, committed 76096K, reserved 1179648K
  class space    used 7792K, committed 8512K, reserved 1048576K
}
Event: 47.721 GC heap after
{Heap after GC invocations=1156 (full 3):
 PSYoungGen      total 7680K, used 2418K [0x00000000d5580000, 0x00000000d6080000, 0x0000000100000000)
  eden space 5120K, 0% used [0x00000000d5580000,0x00000000d5580000,0x00000000d5a80000)
  from space 2560K, 94% used [0x00000000d5b00000,0x00000000d5d5c8f8,0x00000000d5d80000)
  to   space 3072K, 0% used [0x00000000d5d80000,0x00000000d5d80000,0x00000000d6080000)
 ParOldGen       total 1131520K, used 1131163K [0x0000000080000000, 0x00000000c5100000, 0x00000000d5580000)
  object space 1131520K, 99% used [0x0000000080000000,0x00000000c50a6d48,0x00000000c5100000)
 Metaspace       used 74405K, committed 76096K, reserved 1179648K
  class space    used 7792K, committed 8512K, reserved 1048576K
}
Event: 47.742 GC heap before
{Heap before GC invocations=1157 (full 3):
 PSYoungGen      total 7680K, used 7538K [0x00000000d5580000, 0x00000000d6080000, 0x0000000100000000)
  eden space 5120K, 100% used [0x00000000d5580000,0x00000000d5a80000,0x00000000d5a80000)
  from space 2560K, 94% used [0x00000000d5b00000,0x00000000d5d5c8f8,0x00000000d5d80000)
  to   space 3072K, 0% used [0x00000000d5d80000,0x00000000d5d80000,0x00000000d6080000)
 ParOldGen       total 1131520K, used 1131163K [0x0000000080000000, 0x00000000c5100000, 0x00000000d5580000)
  object space 1131520K, 99% used [0x0000000080000000,0x00000000c50a6d48,0x00000000c5100000)
 Metaspace       used 74405K, committed 76096K, reserved 1179648K
  class space    used 7792K, committed 8512K, reserved 1048576K
}

Dll operation events (12 events):
Event: 0.021 Loaded shared library c:\Users\soonfui\.cursor\extensions\redhat.java-1.47.0-win32-x64\jre\21.0.8-win32-x86_64\bin\java.dll
Event: 0.128 Loaded shared library c:\Users\soonfui\.cursor\extensions\redhat.java-1.47.0-win32-x64\jre\21.0.8-win32-x86_64\bin\zip.dll
Event: 0.162 Loaded shared library C:\Users\soonfui\.cursor\extensions\redhat.java-1.47.0-win32-x64\jre\21.0.8-win32-x86_64\bin\instrument.dll
Event: 0.171 Loaded shared library C:\Users\soonfui\.cursor\extensions\redhat.java-1.47.0-win32-x64\jre\21.0.8-win32-x86_64\bin\net.dll
Event: 0.175 Loaded shared library C:\Users\soonfui\.cursor\extensions\redhat.java-1.47.0-win32-x64\jre\21.0.8-win32-x86_64\bin\nio.dll
Event: 0.180 Loaded shared library C:\Users\soonfui\.cursor\extensions\redhat.java-1.47.0-win32-x64\jre\21.0.8-win32-x86_64\bin\zip.dll
Event: 0.208 Loaded shared library C:\Users\soonfui\.cursor\extensions\redhat.java-1.47.0-win32-x64\jre\21.0.8-win32-x86_64\bin\jimage.dll
Event: 0.405 Loaded shared library c:\Users\soonfui\.cursor\extensions\redhat.java-1.47.0-win32-x64\jre\21.0.8-win32-x86_64\bin\verify.dll
Event: 6.406 Loaded shared library C:\Users\soonfui\AppData\Roaming\Cursor\User\globalStorage\redhat.java\1.47.0\config_win\org.eclipse.equinox.launcher\org.eclipse.equinox.launcher.win32.win32.x86_64_1.2.1400.v20250801-0854\eclipse_11916.dll
Event: 16.861 Loaded shared library C:\Users\soonfui\AppData\Local\Temp\jna--2027533729\jna1745701123464354677.dll
Event: 19.587 Loaded shared library C:\Users\soonfui\.cursor\extensions\redhat.java-1.47.0-win32-x64\jre\21.0.8-win32-x86_64\bin\sunmscapi.dll
Event: 19.714 Loaded shared library C:\Users\soonfui\.cursor\extensions\redhat.java-1.47.0-win32-x64\jre\21.0.8-win32-x86_64\bin\extnet.dll

Deoptimization events (20 events):
Event: 47.740 Thread 0x000002cd890437f0 DEOPT PACKING pc=0x000002cd2de0e0b6 sp=0x000000e9a9cfe670
Event: 47.740 Thread 0x000002cd890437f0 DEOPT UNPACKING pc=0x000002cd33294242 sp=0x000000e9a9cfdb08 mode 0
Event: 47.740 Thread 0x000002cd890437f0 DEOPT PACKING pc=0x000002cd2de0e0b6 sp=0x000000e9a9cfe670
Event: 47.740 Thread 0x000002cd890437f0 DEOPT UNPACKING pc=0x000002cd33294242 sp=0x000000e9a9cfdb08 mode 0
Event: 47.740 Thread 0x000002cd890437f0 DEOPT PACKING pc=0x000002cd2de0e0b6 sp=0x000000e9a9cfe670
Event: 47.740 Thread 0x000002cd890437f0 DEOPT UNPACKING pc=0x000002cd33294242 sp=0x000000e9a9cfdb08 mode 0
Event: 47.741 Thread 0x000002cd890437f0 DEOPT PACKING pc=0x000002cd2de0e0b6 sp=0x000000e9a9cfe670
Event: 47.741 Thread 0x000002cd890437f0 DEOPT UNPACKING pc=0x000002cd33294242 sp=0x000000e9a9cfdb08 mode 0
Event: 47.741 Thread 0x000002cd890437f0 DEOPT PACKING pc=0x000002cd2de0e0b6 sp=0x000000e9a9cfe670
Event: 47.741 Thread 0x000002cd890437f0 DEOPT UNPACKING pc=0x000002cd33294242 sp=0x000000e9a9cfdb08 mode 0
Event: 47.741 Thread 0x000002cd890437f0 DEOPT PACKING pc=0x000002cd2de0e0b6 sp=0x000000e9a9cfe670
Event: 47.741 Thread 0x000002cd890437f0 DEOPT UNPACKING pc=0x000002cd33294242 sp=0x000000e9a9cfdb08 mode 0
Event: 47.741 Thread 0x000002cd890437f0 DEOPT PACKING pc=0x000002cd2de0e0b6 sp=0x000000e9a9cfe670
Event: 47.741 Thread 0x000002cd890437f0 DEOPT UNPACKING pc=0x000002cd33294242 sp=0x000000e9a9cfdb08 mode 0
Event: 47.742 Thread 0x000002cd890437f0 DEOPT PACKING pc=0x000002cd2de0e0b6 sp=0x000000e9a9cfe670
Event: 47.742 Thread 0x000002cd890437f0 DEOPT UNPACKING pc=0x000002cd33294242 sp=0x000000e9a9cfdb08 mode 0
Event: 47.742 Thread 0x000002cd8904a780 DEOPT PACKING pc=0x000002cd2de0e0b6 sp=0x000000e9aa3fe880
Event: 47.742 Thread 0x000002cd8904a780 DEOPT UNPACKING pc=0x000002cd33294242 sp=0x000000e9aa3fdd18 mode 0
Event: 47.742 Thread 0x000002cd8904a780 DEOPT PACKING pc=0x000002cd2de0e0b6 sp=0x000000e9aa3fe880
Event: 47.742 Thread 0x000002cd8904a780 DEOPT UNPACKING pc=0x000002cd33294242 sp=0x000000e9aa3fdd18 mode 0

Classes loaded (20 events):
Event: 40.024 Loading class java/lang/Throwable$WrappedPrintWriter
Event: 40.024 Loading class java/lang/Throwable$PrintStreamOrWriter
Event: 40.025 Loading class java/lang/Throwable$PrintStreamOrWriter done
Event: 40.025 Loading class java/lang/Throwable$WrappedPrintWriter done
Event: 44.526 Loading class java/io/ObjectOutputStream$BlockDataOutputStream
Event: 44.527 Loading class java/io/ObjectOutputStream$BlockDataOutputStream done
Event: 44.527 Loading class java/io/ObjectOutputStream$HandleTable
Event: 44.527 Loading class java/io/ObjectOutputStream$HandleTable done
Event: 44.527 Loading class java/io/ObjectOutputStream$ReplaceTable
Event: 44.527 Loading class java/io/ObjectOutputStream$ReplaceTable done
Event: 46.156 Loading class org/xml/sax/SAXNotRecognizedException
Event: 46.156 Loading class org/xml/sax/SAXNotRecognizedException done
Event: 46.156 Loading class org/xml/sax/SAXNotSupportedException
Event: 46.156 Loading class org/xml/sax/SAXNotSupportedException done
Event: 46.157 Loading class com/sun/org/apache/xerces/internal/util/URI
Event: 46.157 Loading class com/sun/org/apache/xerces/internal/util/URI done
Event: 46.158 Loading class com/sun/org/apache/xerces/internal/xni/XNIException
Event: 46.159 Loading class com/sun/org/apache/xerces/internal/xni/XNIException done
Event: 46.162 Loading class com/sun/org/apache/xerces/internal/xni/parser/XMLParseException
Event: 46.162 Loading class com/sun/org/apache/xerces/internal/xni/parser/XMLParseException done

Classes unloaded (7 events):
Event: 17.546 Thread 0x000002cd28bd06e0 Unloading class 0x000002cd411b4000 'java/lang/invoke/LambdaForm$MH+0x000002cd411b4000'
Event: 17.546 Thread 0x000002cd28bd06e0 Unloading class 0x000002cd411b3c00 'java/lang/invoke/LambdaForm$MH+0x000002cd411b3c00'
Event: 17.546 Thread 0x000002cd28bd06e0 Unloading class 0x000002cd411b3800 'java/lang/invoke/LambdaForm$MH+0x000002cd411b3800'
Event: 17.546 Thread 0x000002cd28bd06e0 Unloading class 0x000002cd411b3400 'java/lang/invoke/LambdaForm$MH+0x000002cd411b3400'
Event: 17.546 Thread 0x000002cd28bd06e0 Unloading class 0x000002cd411b3000 'java/lang/invoke/LambdaForm$BMH+0x000002cd411b3000'
Event: 17.546 Thread 0x000002cd28bd06e0 Unloading class 0x000002cd411b2c00 'java/lang/invoke/LambdaForm$DMH+0x000002cd411b2c00'
Event: 17.546 Thread 0x000002cd28bd06e0 Unloading class 0x000002cd411b1800 'java/lang/invoke/LambdaForm$DMH+0x000002cd411b1800'

Classes redefined (0 events):
No events

Internal exceptions (20 events):
Event: 46.723 Thread 0x000002cd89043e80 Exception <a 'java/lang/NullPointerException'{0x00000000d55efb38}> (0x00000000d55efb38) 
thrown [s\src\hotspot\share\interpreter\linkResolver.cpp, line 1372]
Event: 46.724 Thread 0x000002cd89043e80 Exception <a 'java/lang/NullPointerException'{0x00000000d55f0648}> (0x00000000d55f0648) 
thrown [s\src\hotspot\share\interpreter\linkResolver.cpp, line 1372]
Event: 46.725 Thread 0x000002cd89043e80 Exception <a 'java/lang/NullPointerException'{0x00000000d55f0ea0}> (0x00000000d55f0ea0) 
thrown [s\src\hotspot\share\interpreter\linkResolver.cpp, line 1372]
Event: 46.725 Thread 0x000002cd89043e80 Exception <a 'java/lang/NullPointerException'{0x00000000d55f1690}> (0x00000000d55f1690) 
thrown [s\src\hotspot\share\interpreter\linkResolver.cpp, line 1372]
Event: 46.725 Thread 0x000002cd89043e80 Exception <a 'java/lang/NullPointerException'{0x00000000d55f1ee8}> (0x00000000d55f1ee8) 
thrown [s\src\hotspot\share\interpreter\linkResolver.cpp, line 1372]
Event: 46.725 Thread 0x000002cd89043e80 Exception <a 'java/lang/NullPointerException'{0x00000000d55f2410}> (0x00000000d55f2410) 
thrown [s\src\hotspot\share\interpreter\linkResolver.cpp, line 1372]
Event: 46.725 Thread 0x000002cd89043e80 Exception <a 'java/lang/NullPointerException'{0x00000000d55f2dc8}> (0x00000000d55f2dc8) 
thrown [s\src\hotspot\share\interpreter\linkResolver.cpp, line 1372]
Event: 46.726 Thread 0x000002cd89043e80 Exception <a 'java/lang/NullPointerException'{0x00000000d55f4000}> (0x00000000d55f4000) 
thrown [s\src\hotspot\share\interpreter\linkResolver.cpp, line 1372]
Event: 46.753 Thread 0x000002cd89043e80 Exception <a 'java/lang/NullPointerException'{0x00000000d589eba8}> (0x00000000d589eba8) 
thrown [s\src\hotspot\share\interpreter\linkResolver.cpp, line 1372]
Event: 46.753 Thread 0x000002cd89043e80 Exception <a 'java/lang/NullPointerException'{0x00000000d589f428}> (0x00000000d589f428) 
thrown [s\src\hotspot\share\interpreter\linkResolver.cpp, line 1372]
Event: 46.753 Thread 0x000002cd89043e80 Exception <a 'java/lang/NullPointerException'{0x00000000d58a0248}> (0x00000000d58a0248) 
thrown [s\src\hotspot\share\interpreter\linkResolver.cpp, line 1372]
Event: 46.754 Thread 0x000002cd89043e80 Exception <a 'java/lang/NullPointerException'{0x00000000d58a0ad0}> (0x00000000d58a0ad0) 
thrown [s\src\hotspot\share\interpreter\linkResolver.cpp, line 1372]
Event: 46.754 Thread 0x000002cd89043e80 Exception <a 'java/lang/NullPointerException'{0x00000000d58a0ff8}> (0x00000000d58a0ff8) 
thrown [s\src\hotspot\share\interpreter\linkResolver.cpp, line 1372]
Event: 46.754 Thread 0x000002cd89043e80 Exception <a 'java/lang/NullPointerException'{0x00000000d58a1a70}> (0x00000000d58a1a70) 
thrown [s\src\hotspot\share\interpreter\linkResolver.cpp, line 1372]
Event: 46.754 Thread 0x000002cd89043e80 Exception <a 'java/lang/NullPointerException'{0x00000000d58a2cd0}> (0x00000000d58a2cd0) 
thrown [s\src\hotspot\share\interpreter\linkResolver.cpp, line 1372]
Event: 46.754 Thread 0x000002cd89043e80 Exception <a 'java/lang/NullPointerException'{0x00000000d58a31f8}> (0x00000000d58a31f8) 
thrown [s\src\hotspot\share\interpreter\linkResolver.cpp, line 1372]
Event: 46.754 Thread 0x000002cd89043e80 Exception <a 'java/lang/NullPointerException'{0x00000000d58a3a80}> (0x00000000d58a3a80) 
thrown [s\src\hotspot\share\interpreter\linkResolver.cpp, line 1372]
Event: 46.879 Thread 0x000002cd87c66bc0 Exception <a 'sun/nio/fs/WindowsException'{0x00000000d58766c8}> (0x00000000d58766c8) 
thrown [s\src\hotspot\share\prims\jni.cpp, line 520]
Event: 46.880 Thread 0x000002cd87c66bc0 Exception <a 'sun/nio/fs/WindowsException'{0x00000000d5876ef8}> (0x00000000d5876ef8) 
thrown [s\src\hotspot\share\prims\jni.cpp, line 520]
Event: 47.545 Thread 0x000002cd87c6a6d0 Exception <a 'sun/nio/fs/WindowsException'{0x00000000d57fcfd0}> (0x00000000d57fcfd0) 
thrown [s\src\hotspot\share\prims\jni.cpp, line 520]

ZGC Phase Switch (0 events):
No events

VM Operations (20 events):
Event: 47.573 Executing VM operation: ParallelGCFailedAllocation (Allocation Failure) done
Event: 47.576 Executing VM operation: ParallelGCFailedAllocation (Allocation Failure)
Event: 47.579 Executing VM operation: ParallelGCFailedAllocation (Allocation Failure) done
Event: 47.583 Executing VM operation: ParallelGCFailedAllocation (Allocation Failure)
Event: 47.586 Executing VM operation: ParallelGCFailedAllocation (Allocation Failure) done
Event: 47.590 Executing VM operation: ParallelGCFailedAllocation (Allocation Failure)
Event: 47.593 Executing VM operation: ParallelGCFailedAllocation (Allocation Failure) done
Event: 47.604 Executing VM operation: ParallelGCFailedAllocation (Allocation Failure)
Event: 47.609 Executing VM operation: ParallelGCFailedAllocation (Allocation Failure) done
Event: 47.616 Executing VM operation: ParallelGCFailedAllocation (Allocation Failure)
Event: 47.621 Executing VM operation: ParallelGCFailedAllocation (Allocation Failure) done
Event: 47.624 Executing VM operation: ParallelGCFailedAllocation (Allocation Failure)
Event: 47.628 Executing VM operation: ParallelGCFailedAllocation (Allocation Failure) done
Event: 47.636 Executing VM operation: ParallelGCFailedAllocation (Allocation Failure)
Event: 47.640 Executing VM operation: ParallelGCFailedAllocation (Allocation Failure) done
Event: 47.650 Executing VM operation: ParallelGCFailedAllocation (Allocation Failure)
Event: 47.654 Executing VM operation: ParallelGCFailedAllocation (Allocation Failure) done
Event: 47.717 Executing VM operation: ParallelGCFailedAllocation (Allocation Failure)
Event: 47.721 Executing VM operation: ParallelGCFailedAllocation (Allocation Failure) done
Event: 47.742 Executing VM operation: ParallelGCFailedAllocation (Allocation Failure)

Memory protections (0 events):
No events

Nmethod flushes (20 events):
Event: 21.792 Thread 0x000002cd28bd06e0 flushing  nmethod 0x000002cd2c710290
Event: 21.792 Thread 0x000002cd28bd06e0 flushing  nmethod 0x000002cd2c71bd10
Event: 21.792 Thread 0x000002cd28bd06e0 flushing  nmethod 0x000002cd2c725b90
Event: 21.792 Thread 0x000002cd28bd06e0 flushing  nmethod 0x000002cd2c7a8690
Event: 21.792 Thread 0x000002cd28bd06e0 flushing  nmethod 0x000002cd2c7aa290
Event: 21.792 Thread 0x000002cd28bd06e0 flushing  nmethod 0x000002cd2c7ae910
Event: 21.792 Thread 0x000002cd28bd06e0 flushing  nmethod 0x000002cd2c7af190
Event: 21.792 Thread 0x000002cd28bd06e0 flushing  nmethod 0x000002cd2c7b4310
Event: 21.792 Thread 0x000002cd28bd06e0 flushing  nmethod 0x000002cd2c7b7810
Event: 21.792 Thread 0x000002cd28bd06e0 flushing  nmethod 0x000002cd2c7c1310
Event: 21.792 Thread 0x000002cd28bd06e0 flushing  nmethod 0x000002cd2c7cbe90
Event: 21.792 Thread 0x000002cd28bd06e0 flushing  nmethod 0x000002cd2c7cd210
Event: 21.792 Thread 0x000002cd28bd06e0 flushing  nmethod 0x000002cd2c7cd790
Event: 21.792 Thread 0x000002cd28bd06e0 flushing  nmethod 0x000002cd2c7d4690
Event: 21.792 Thread 0x000002cd28bd06e0 flushing  nmethod 0x000002cd2c820090
Event: 21.792 Thread 0x000002cd28bd06e0 flushing  nmethod 0x000002cd2c823910
Event: 21.792 Thread 0x000002cd28bd06e0 flushing  nmethod 0x000002cd2c824010
Event: 21.792 Thread 0x000002cd28bd06e0 flushing  nmethod 0x000002cd2c824610
Event: 21.792 Thread 0x000002cd28bd06e0 flushing  nmethod 0x000002cd2c825490
Event: 21.792 Thread 0x000002cd28bd06e0 flushing  nmethod 0x000002cd2c827810

Events (20 events):
Event: 44.643 Thread 0x000002cd87c6ce30 Thread added: 0x000002cd9780f2a0
Event: 44.643 Thread 0x000002cd87c6ce30 Thread added: 0x000002cd97812090
Event: 44.644 Thread 0x000002cd87c6ce30 Thread added: 0x000002cd97810650
Event: 44.644 Thread 0x000002cd87c6ce30 Thread added: 0x000002cd97812db0
Event: 44.644 Thread 0x000002cd87c6ce30 Thread added: 0x000002cd9780f930
Event: 44.648 Thread 0x000002cd818b1f90 Thread added: 0x000002cd8b5a4b50
Event: 44.673 Thread 0x000002cd9780f930 Thread exited: 0x000002cd9780f930
Event: 44.673 Thread 0x000002cd9780f2a0 Thread exited: 0x000002cd9780f2a0
Event: 44.673 Thread 0x000002cd97812090 Thread exited: 0x000002cd97812090
Event: 44.674 Thread 0x000002cd97810650 Thread exited: 0x000002cd97810650
Event: 44.674 Thread 0x000002cd97812db0 Thread exited: 0x000002cd97812db0
Event: 45.022 Thread 0x000002cd8b5a4b50 Thread exited: 0x000002cd8b5a4b50
Event: 46.121 Thread 0x000002cd8b5a5220 Thread exited: 0x000002cd8b5a5220
Event: 46.196 Thread 0x000002cd818b1f90 Thread added: 0x000002cd8b5a5220
Event: 46.588 Thread 0x000002cd818b1f90 Thread added: 0x000002cd8b5a2270
Event: 47.566 Thread 0x000002cd8b5a2270 Thread exited: 0x000002cd8b5a2270
Event: 47.710 Thread 0x000002cd818b1f90 Thread added: 0x000002cd8b5a4480
Event: 47.723 Thread 0x000002cd8904ae10 Thread added: 0x000002cd9780f2a0
Event: 47.724 Thread 0x000002cd890486b0 Thread added: 0x000002cd97810ce0
Event: 47.727 Thread 0x000002cd9780f2a0 Thread added: 0x000002cd97812090


Dynamic libraries:
0x00007ff610120000 - 0x00007ff61012e000 	c:\Users\soonfui\.cursor\extensions\redhat.java-1.47.0-win32-x64\jre\21.0.8-win32-x86_64\bin\java.exe
0x00007ffd4f160000 - 0x00007ffd4f3c8000 	C:\WINDOWS\SYSTEM32\ntdll.dll
0x00007ffd4ddc0000 - 0x00007ffd4de89000 	C:\WINDOWS\System32\KERNEL32.DLL
0x00007ffd4c7b0000 - 0x00007ffd4cba2000 	C:\WINDOWS\System32\KERNELBASE.dll
0x00007ffd48cd0000 - 0x00007ffd48d6f000 	C:\WINDOWS\SYSTEM32\apphelp.dll
0x00007ffd4c5a0000 - 0x00007ffd4c6eb000 	C:\WINDOWS\System32\ucrtbase.dll
0x00007ffd2a670000 - 0x00007ffd2a688000 	c:\Users\soonfui\.cursor\extensions\redhat.java-1.47.0-win32-x64\jre\21.0.8-win32-x86_64\bin\jli.dll
0x00007ffd4ed50000 - 0x00007ffd4ef15000 	C:\WINDOWS\System32\USER32.dll
0x00007ffd2a8d0000 - 0x00007ffd2a8ee000 	c:\Users\soonfui\.cursor\extensions\redhat.java-1.47.0-win32-x64\jre\21.0.8-win32-x86_64\bin\VCRUNTIME140.dll
0x00007ffd4cbb0000 - 0x00007ffd4cbd7000 	C:\WINDOWS\System32\win32u.dll
0x00007ffd288b0000 - 0x00007ffd28b43000 	C:\WINDOWS\WinSxS\amd64_microsoft.windows.common-controls_6595b64144ccf1df_6.0.26100.6899_none_3e0efeeae32e88c1\COMCTL32.dll
0x00007ffd4ec70000 - 0x00007ffd4ec9b000 	C:\WINDOWS\System32\GDI32.dll
0x00007ffd4ebc0000 - 0x00007ffd4ec69000 	C:\WINDOWS\System32\msvcrt.dll
0x00007ffd4c2f0000 - 0x00007ffd4c41d000 	C:\WINDOWS\System32\gdi32full.dll
0x00007ffd4cd10000 - 0x00007ffd4cdb3000 	C:\WINDOWS\System32\msvcp_win.dll
0x00007ffd4e190000 - 0x00007ffd4e1bf000 	C:\WINDOWS\System32\IMM32.DLL
0x00007ffd2e830000 - 0x00007ffd2e83c000 	c:\Users\soonfui\.cursor\extensions\redhat.java-1.47.0-win32-x64\jre\21.0.8-win32-x86_64\bin\vcruntime140_1.dll
0x00007ffd0dc60000 - 0x00007ffd0dced000 	c:\Users\soonfui\.cursor\extensions\redhat.java-1.47.0-win32-x64\jre\21.0.8-win32-x86_64\bin\msvcp140.dll
0x00007ffcbc790000 - 0x00007ffcbd527000 	c:\Users\soonfui\.cursor\extensions\redhat.java-1.47.0-win32-x64\jre\21.0.8-win32-x86_64\bin\server\jvm.dll
0x00007ffd4ef30000 - 0x00007ffd4efe4000 	C:\WINDOWS\System32\ADVAPI32.dll
0x00007ffd4eca0000 - 0x00007ffd4ed46000 	C:\WINDOWS\System32\sechost.dll
0x00007ffd4cf30000 - 0x00007ffd4d048000 	C:\WINDOWS\System32\RPCRT4.dll
0x00007ffd4dcd0000 - 0x00007ffd4dd44000 	C:\WINDOWS\System32\WS2_32.dll
0x00007ffd4c150000 - 0x00007ffd4c1ae000 	C:\WINDOWS\SYSTEM32\POWRPROF.dll
0x00007ffd43870000 - 0x00007ffd438a5000 	C:\WINDOWS\SYSTEM32\WINMM.dll
0x00007ffd438b0000 - 0x00007ffd438bb000 	C:\WINDOWS\SYSTEM32\VERSION.dll
0x00007ffd4c130000 - 0x00007ffd4c144000 	C:\WINDOWS\SYSTEM32\UMPDC.dll
0x00007ffd4b0c0000 - 0x00007ffd4b0db000 	C:\WINDOWS\SYSTEM32\kernel.appcore.dll
0x00007ffd2d750000 - 0x00007ffd2d75a000 	c:\Users\soonfui\.cursor\extensions\redhat.java-1.47.0-win32-x64\jre\21.0.8-win32-x86_64\bin\jimage.dll
0x00007ffd491e0000 - 0x00007ffd49422000 	C:\WINDOWS\SYSTEM32\DBGHELP.DLL
0x00007ffd4e840000 - 0x00007ffd4ebbb000 	C:\WINDOWS\System32\combase.dll
0x00007ffd4e760000 - 0x00007ffd4e837000 	C:\WINDOWS\System32\OLEAUT32.dll
0x00007ffd23e70000 - 0x00007ffd23eac000 	C:\WINDOWS\SYSTEM32\dbgcore.DLL
0x00007ffd4cc70000 - 0x00007ffd4cd08000 	C:\WINDOWS\System32\bcryptPrimitives.dll
0x00007ffd2d5d0000 - 0x00007ffd2d5df000 	c:\Users\soonfui\.cursor\extensions\redhat.java-1.47.0-win32-x64\jre\21.0.8-win32-x86_64\bin\instrument.dll
0x00007ffd29210000 - 0x00007ffd2922f000 	c:\Users\soonfui\.cursor\extensions\redhat.java-1.47.0-win32-x64\jre\21.0.8-win32-x86_64\bin\java.dll
0x00007ffd4d0e0000 - 0x00007ffd4d82d000 	C:\WINDOWS\System32\SHELL32.dll
0x00007ffd4cdc0000 - 0x00007ffd4cf2b000 	C:\WINDOWS\System32\wintypes.dll
0x00007ffd49f30000 - 0x00007ffd4a78d000 	C:\WINDOWS\SYSTEM32\windows.storage.dll
0x00007ffd4e070000 - 0x00007ffd4e162000 	C:\WINDOWS\System32\SHCORE.dll
0x00007ffd4dd50000 - 0x00007ffd4ddb2000 	C:\WINDOWS\System32\shlwapi.dll
0x00007ffd4c210000 - 0x00007ffd4c239000 	C:\WINDOWS\SYSTEM32\profapi.dll
0x00007ffd1d230000 - 0x00007ffd1d248000 	c:\Users\soonfui\.cursor\extensions\redhat.java-1.47.0-win32-x64\jre\21.0.8-win32-x86_64\bin\zip.dll
0x00007ffd2d3e0000 - 0x00007ffd2d3f0000 	C:\Users\soonfui\.cursor\extensions\redhat.java-1.47.0-win32-x64\jre\21.0.8-win32-x86_64\bin\net.dll
0x00007ffd44760000 - 0x00007ffd4487f000 	C:\WINDOWS\SYSTEM32\WINHTTP.dll
0x00007ffd4b630000 - 0x00007ffd4b69b000 	C:\WINDOWS\system32\mswsock.dll
0x00007ffd19280000 - 0x00007ffd19296000 	C:\Users\soonfui\.cursor\extensions\redhat.java-1.47.0-win32-x64\jre\21.0.8-win32-x86_64\bin\nio.dll
0x00007ffd2d2e0000 - 0x00007ffd2d2f0000 	c:\Users\soonfui\.cursor\extensions\redhat.java-1.47.0-win32-x64\jre\21.0.8-win32-x86_64\bin\verify.dll
0x00007ffd0e870000 - 0x00007ffd0e8b4000 	C:\Users\soonfui\AppData\Roaming\Cursor\User\globalStorage\redhat.java\1.47.0\config_win\org.eclipse.equinox.launcher\org.eclipse.equinox.launcher.win32.win32.x86_64_1.2.1400.v20250801-0854\eclipse_11916.dll
0x00007ffd4db30000 - 0x00007ffd4dcc8000 	C:\WINDOWS\System32\ole32.dll
0x00007ffd4b8e0000 - 0x00007ffd4b8fb000 	C:\WINDOWS\SYSTEM32\CRYPTSP.dll
0x00007ffd4b020000 - 0x00007ffd4b05b000 	C:\WINDOWS\system32\rsaenh.dll
0x00007ffd4b6d0000 - 0x00007ffd4b6fb000 	C:\WINDOWS\SYSTEM32\USERENV.dll
0x00007ffd4c1e0000 - 0x00007ffd4c206000 	C:\WINDOWS\SYSTEM32\bcrypt.dll
0x00007ffd4b900000 - 0x00007ffd4b90c000 	C:\WINDOWS\SYSTEM32\CRYPTBASE.dll
0x00007ffd4aaf0000 - 0x00007ffd4ab24000 	C:\WINDOWS\SYSTEM32\IPHLPAPI.DLL
0x00007ffd4e180000 - 0x00007ffd4e18a000 	C:\WINDOWS\System32\NSI.dll
0x00007ffd2e780000 - 0x00007ffd2e7c9000 	C:\Users\soonfui\AppData\Local\Temp\jna--2027533729\jna1745701123464354677.dll
0x00007ffd4f060000 - 0x00007ffd4f068000 	C:\WINDOWS\System32\PSAPI.DLL
0x00007ffd444b0000 - 0x00007ffd444ce000 	C:\WINDOWS\SYSTEM32\dhcpcsvc6.DLL
0x00007ffd448b0000 - 0x00007ffd448d3000 	C:\WINDOWS\SYSTEM32\dhcpcsvc.DLL
0x00007ffd46f10000 - 0x00007ffd46f1e000 	C:\Users\soonfui\.cursor\extensions\redhat.java-1.47.0-win32-x64\jre\21.0.8-win32-x86_64\bin\sunmscapi.dll
0x00007ffd4c420000 - 0x00007ffd4c597000 	C:\WINDOWS\System32\CRYPT32.dll
0x00007ffd4bb00000 - 0x00007ffd4bb30000 	C:\WINDOWS\SYSTEM32\ncrypt.dll
0x00007ffd4bab0000 - 0x00007ffd4baef000 	C:\WINDOWS\SYSTEM32\NTASN1.dll
0x00007ffd4ab90000 - 0x00007ffd4acb6000 	C:\WINDOWS\SYSTEM32\DNSAPI.dll
0x00007ffd454a0000 - 0x00007ffd454ab000 	C:\Windows\System32\rasadhlp.dll
0x00007ffd418c0000 - 0x00007ffd41946000 	C:\WINDOWS\System32\fwpuclnt.dll
0x00007ffd46f00000 - 0x00007ffd46f09000 	C:\Users\soonfui\.cursor\extensions\redhat.java-1.47.0-win32-x64\jre\21.0.8-win32-x86_64\bin\extnet.dll

JVMTI agents:
c:\Users\soonfui\.cursor\extensions\redhat.java-1.47.0-win32-x64\lombok\lombok-1.18.39-4050.jar path:c:\Users\soonfui\.cursor\extensions\redhat.java-1.47.0-win32-x64\jre\21.0.8-win32-x86_64\bin\instrument.dll, loaded, initialized, instrumentlib options:none

dbghelp: loaded successfully - version: 4.0.5 - missing functions: none
symbol engine: initialized successfully - sym options: 0x614 - pdb path: .;c:\Users\soonfui\.cursor\extensions\redhat.java-1.47.0-win32-x64\jre\21.0.8-win32-x86_64\bin;C:\WINDOWS\SYSTEM32;C:\WINDOWS\WinSxS\amd64_microsoft.windows.common-controls_6595b64144ccf1df_6.0.26100.6899_none_3e0efeeae32e88c1;c:\Users\soonfui\.cursor\extensions\redhat.java-1.47.0-win32-x64\jre\21.0.8-win32-x86_64\bin\server;C:\Users\soonfui\AppData\Roaming\Cursor\User\globalStorage\redhat.java\1.47.0\config_win\org.eclipse.equinox.launcher\org.eclipse.equinox.launcher.win32.win32.x86_64_1.2.1400.v20250801-0854;C:\Users\soonfui\AppData\Local\Temp\jna--2027533729

VM Arguments:
jvm_args: --add-modules=ALL-SYSTEM --add-opens=java.base/java.util=ALL-UNNAMED --add-opens=java.base/java.lang=ALL-UNNAMED --add-opens=java.base/sun.nio.fs=ALL-UNNAMED -Declipse.application=org.eclipse.jdt.ls.core.id1 -Dosgi.bundles.defaultStartLevel=4 -Declipse.product=org.eclipse.jdt.ls.core.product -Djava.import.generatesMetadataFilesAtProjectRoot=false -DDetectVMInstallationsJob.disabled=true -Dfile.encoding=utf8 -XX:+UseParallelGC -XX:GCTimeRatio=4 -XX:AdaptiveSizePolicyWeight=90 -Dsun.zip.disableMemoryMapping=true -Xmx2G -Xms100m -Xlog:disable -javaagent:c:\Users\soonfui\.cursor\extensions\redhat.java-1.47.0-win32-x64\lombok\lombok-1.18.39-4050.jar -XX:+HeapDumpOnOutOfMemoryError -XX:HeapDumpPath=c:\Users\soonfui\AppData\Roaming\Cursor\User\workspaceStorage\a50c5bd9b90d8ec0a0da2123fcbb3801\redhat.java -Daether.dependencyCollector.impl=bf 
java_command: c:\Users\soonfui\.cursor\extensions\redhat.java-1.47.0-win32-x64\server\plugins\org.eclipse.equinox.launcher_1.7.100.v20251014-1222.jar -configuration c:\Users\soonfui\AppData\Roaming\Cursor\User\globalStorage\redhat.java\1.47.0\config_win -data c:\Users\soonfui\AppData\Roaming\Cursor\User\workspaceStorage\a50c5bd9b90d8ec0a0da2123fcbb3801\redhat.java\jdt_ws --pipe=\\.\pipe\lsp-7949ec4acff1c869e2a0c03428e334ff-sock
java_class_path (initial): c:\Users\soonfui\.cursor\extensions\redhat.java-1.47.0-win32-x64\server\plugins\org.eclipse.equinox.launcher_1.7.100.v20251014-1222.jar
Launcher Type: SUN_STANDARD

[Global flags]
    uintx AdaptiveSizePolicyWeight                 = 90                                        {product} {command line}
     intx CICompilerCount                          = 4                                         {product} {ergonomic}
    uintx GCTimeRatio                              = 4                                         {product} {command line}
     bool HeapDumpOnOutOfMemoryError               = true                                   {manageable} {command line}
    ccstr HeapDumpPath                             = c:\Users\soonfui\AppData\Roaming\Cursor\User\workspaceStorage\a50c5bd9b90d8ec0a0da2123fcbb3801\redhat.java         {manageable} {command line}
   size_t InitialHeapSize                          = 104857600                                 {product} {command line}
   size_t MaxHeapSize                              = 2147483648                                {product} {command line}
   size_t MaxNewSize                               = 715653120                                 {product} {ergonomic}
   size_t MinHeapDeltaBytes                        = 524288                                    {product} {ergonomic}
   size_t MinHeapSize                              = 104857600                                 {product} {command line}
   size_t NewSize                                  = 34603008                                  {product} {ergonomic}
    uintx NonNMethodCodeHeapSize                   = 5839372                                {pd product} {ergonomic}
    uintx NonProfiledCodeHeapSize                  = 122909434                              {pd product} {ergonomic}
   size_t OldSize                                  = 70254592                                  {product} {ergonomic}
    uintx ProfiledCodeHeapSize                     = 122909434                              {pd product} {ergonomic}
    uintx ReservedCodeCacheSize                    = 251658240                              {pd product} {ergonomic}
     bool SegmentedCodeCache                       = true                                      {product} {ergonomic}
   size_t SoftMaxHeapSize                          = 2147483648                             {manageable} {ergonomic}
     bool UseCompressedOops                        = true                           {product lp64_product} {ergonomic}
     bool UseLargePagesIndividualAllocation        = false                                  {pd product} {ergonomic}
     bool UseParallelGC                            = true                                      {product} {command line}

Logging:
Log output configuration:
 #0: stdout all=off uptime,level,tags foldmultilines=false
 #1: stderr all=off uptime,level,tags foldmultilines=false

Environment Variables:
JAVA_HOME=D:\develop
PATH=D:\develop\bin;C:\Program Files\Java\graalvm-jdk-17.0.13_windows-x64_bin\graalvm-jdk-17.0.13+10.1\bin;D:\database\app\oracle\product\11.2.0\server\bin;C:\Windows\system32;C:\Windows;C:\Windows\System32\Wbem;D:\develop\bin;C:\Windows\System32\WindowsPowerShell\v1.0\;C:\Windows\System32\OpenSSH\;C:\Program Files (x86)\NVIDIA Corporation\PhysX\Common;C:\WINDOWS\system32;C:\WINDOWS;C:\WINDOWS\System32\Wbem;C:\WINDOWS\System32\WindowsPowerShell\v1.0\;C:\WINDOWS\System32\OpenSSH\;C:\Program Files\Microsoft SQL Server\150\Tools\Binn\;C:\Program Files\Microsoft SQL Server\Client SDK\ODBC\170\Tools\Binn\;C:\Program Files\MySQL\MySQL Server 8.0\bin;D:\website\node_global\node_modules;C:\Program Files\Microsoft SQL Server\130\Tools\Binn\;C:\Program Files\Git\cmd;C:\Program Files\dotnet\;C:\Users\soonfui\AppData\Local\Android\Sdk\platform-tools;C:\Users\soonfui\AppData\Local\Android\Sdk\tools;C:\Users\soonfui\AppData\Local\Android\Sdk\tools\bin;C:\Program Files\NVIDIA Corporation\NVIDIA app\NvDLISR;D:\develop\apache-maven-3.9.11\bin;D:\develop\bin;C:\Program Files\Java\graalvm-jdk-17.0.13_windows-x64_bin\graalvm-jdk-17.0.13+10.1\bin;D:\database\app\oracle\product\11.2.0\server\bin;C:\Windows\system32;C:\Windows;C:\Windows\System32\Wbem;D:\develop\bin;C:\Windows\System32\WindowsPowerShell\v1.0\;C:\Windows\System32\OpenSSH\;C:\Program Files (x86)\NVIDIA Corporation\PhysX\Common;C:\WINDOWS\system32;C:\WINDOWS;C:\WINDOWS\System32\Wbem;C:\WINDOWS\System32\WindowsPowerShell\v1.0\;C:\WINDOWS\System32\OpenSSH\;C:\Program Files\Microsoft SQL Server\150\Tools\Binn\;C:\Program Files\Microsoft SQL Server\Client SDK\ODBC\170\Tools\Binn\;C:\Program Files\MySQL\MySQL Server 8.0\bin;D:\website\node_global\node_modules;C:\Program Files\Microsoft SQL Server\130\Tools\Binn\;C:\Program Files\Git\cmd;C:\Program Files\dotnet\;C:\Users\soonfui\AppData\Local\Android\Sdk\platform-tools;C:\Users\soonfui\AppData\Local\Android\Sdk\tools;C:\Users\soonfui\AppData\Local\Android\Sdk\tools\bin;C:\Program Files\NVIDIA Corporation\NVIDIA app\NvDLISR;D:\develop\apache-maven-3.9.11\bin;;D:\develop\flutter_windows_3.24.3-stable\flutter\bin;C:\Users\soonfui\AppData\Local\Programs\cursor\resources\app\bin
USERNAME=soonfui
OS=Windows_NT
PROCESSOR_IDENTIFIER=AMD64 Family 23 Model 96 Stepping 1, AuthenticAMD
TMP=C:\Users\soonfui\AppData\Local\Temp
TEMP=C:\Users\soonfui\AppData\Local\Temp




Periodic native trim disabled

---------------  S Y S T E M  ---------------

OS:
 Windows 11 , 64 bit Build 26100 (10.0.26100.6725)
OS uptime: 0 days 2:15 hours
Hyper-V role detected

CPU: total 12 (initial active 12) (12 cores per cpu, 2 threads per core) family 23 model 96 stepping 1 microcode 0x8600106, cx8, cmov, fxsr, ht, mmx, 3dnowpref, sse, sse2, sse3, ssse3, sse4a, sse4.1, sse4.2, popcnt, lzcnt, tsc, tscinvbit, avx, avx2, aes, clmul, bmi1, bmi2, adx, sha, fma, vzeroupper, clflush, clflushopt, hv, rdtscp, rdpid, f16c
Processor Information for the first 12 processors :
  Max Mhz: 3000, Current Mhz: 3000, Mhz Limit: 3000

Memory: 4k page, system-wide physical 15741M (2764M free)
TotalPageFile size 17789M (AvailPageFile size 7M)
current process WorkingSet (physical memory assigned to process): 1682M, peak: 1685M
current process commit charge ("private bytes"): 1492M, peak: 1495M

vm_info: OpenJDK 64-Bit Server VM (21.0.8+9-LTS) for windows-amd64 JRE (21.0.8+9-LTS), built on 2025-07-15T00:00:00Z by "admin" with MS VC++ 17.7 (VS2022)

END.
